This is pdfTeX, Version 3.14159265-2.6-1.40.18 (TeX Live 2017) (preloaded format=pdflatex 2017.5.23)  16 OCT 2018 16:44
entering extended mode
 restricted \write18 enabled.
 file:line:error style messages enabled.
 %&-line parsing enabled.
**rotation_paper10.tex
(./rotation_paper10.tex
LaTeX2e <2017-04-15>
Babel <3.10> and hyphenation patterns for 84 language(s) loaded.
(./aastex62.cls
Document Class: aastex62 2017/10/16 Version 6.2/AAS markup document class
Class aastex Info: 
 
 Original \LaTeX2.09 style by Chris Biemesderfer (chris@seagoat.com). 
 Adapted to \LaTeXe by A. Ogawa (ogawa@teleport.com)
 emulateapj.cls included, Copyright 2000-2015 Alexey Vikhlinin 
 Rewrite and update of emulateapj.cls, revised and enhanced with table macros, 
gridlines, draft watermark,
 track changes, new `modern' style and much more, by Amy Hendrickson,
 (amyh@texnology.com, http://www.texnology.com) 
 
  on input line 105.
\bibbaselineskip=\skip41
(/usr/local/texlive/2017/texmf-dist/tex/latex/revtex/revtex4-1.cls
Document Class: revtex4-1 2010/07/25/20:33:00 4.1r (http://publish.aps.org/revt
ex4/ for documentation)
 Copyright (c) 2009 The American Physical Society.
 mailto:revtex@aps.org
 Licensed under the LPPL:
http://www.ctan.org/tex-archive/macros/latex/base/lppl.txt
 Arthur Ogawa <arthur_ogawa at sbcglobal dot net>
 Based on work by David Carlisle <david at dcarlisle.demon.co.uk>.
ltxutil[2010/07/25/20:33:00 4.1r utilities package (portions licensed from W. E
. Baxter web at superscript.com)]
LaTeX Info: Redefining \@centercr on input line 308.
Class revtex4-1 Info: Repairing broken LaTeX eqnarray on input line 358.
\eqncolsep=\skip42
Class revtex4-1 Info: Repairing hyperref-unfriendly LaTeX definition of \mpfoot
note on input line 433.
Class revtex4-1 Info: Repairing broken LateX \@sect on input line 755.
\intertabularlinepenalty=\count79
\@tbpen=\count80
\@arstrutbox@hline=\box26
Class revtex4-1 Info: Repairing broken LaTeX \@xbitor on input line 1786.
Class revtex4-1 Info: Making \typeout \long on input line 2046.
ltxfront[2010/07/25/20:33:00 4.1r frontmatter package (AO,DPC)]
\c@affil=\count81
\c@collab=\count82
\absbox=\box27
ltxgrid[2010/07/25/20:33:00 4.1r page grid package (portions licensed from W. E
. Baxter web at superscript.com)]
\c@linecount=\count83
\output@latex=\toks14
\box@size@1=\box28
\box@size@2=\box29
\@protection@box=\box30
\@topmark@saved=\toks15
\footins@saved=\box31
\footins@recovered=\box32
\column@recovered=\box33
\pagesofar=\box34
\footsofar=\box35
\pagegrid@col=\count84
Class revtex4-1 Info: Overriding \@vspace, \@vspacer, \@no@pgbk, \@newline, and
 \\  on input line 5578.
\c@part=\count85
\c@section=\count86
\c@subsection=\count87
\c@subsubsection=\count88
\c@paragraph=\count89
\c@subparagraph=\count90
\abovecaptionskip=\skip43
\belowcaptionskip=\skip44
\c@figure=\count91
\fbox@1=\box36
\c@table=\count92
\fbox@2=\box37
\c@video=\count93
\fbox@4=\box38
\@bibdataout=\write3
\widetext@top=\box39
\widetext@bot=\box40
Class revtex4-1 Info: Selecting society aps on input line 7542.
(/usr/local/texlive/2017/texmf-dist/tex/latex/revtex/aps4-1.rtx
File: aps4-1 2010/07/25/20:33:00 4.1r (http://publish.aps.org/revtex4/ for docu
mentation)
Class revtex4-1 Info: RevTeX society APS selected on input line 31.
)
Class revtex4-1 Info: Selecting journal pra on input line 7544.
Class revtex4-1 Info: APS journal PRA selected on input line 7545.

(/usr/local/texlive/2017/texmf-dist/tex/latex/revtex/aps10pt4-1.rtx
File: aps10pt4-1 2010/07/25/20:33:00 4.1r (http://publish.aps.org/revtex4/ for 
documentation)
Class revtex4-1 Info: RevTeX pointsize 10pt selected on input line 30.
)
(/usr/local/texlive/2017/texmf-dist/tex/latex/textcase/textcase.sty
Package: textcase 2004/10/07 v0.07 Text only upper/lower case changing (DPC)
)
(/usr/local/texlive/2017/texmf-dist/tex/latex/url/url.sty
\Urlmuskip=\muskip10
Package: url 2013/09/16  ver 3.4  Verb mode for urls, etc.
)
(/usr/local/texlive/2017/texmf-dist/tex/latex/natbib/natbib.sty
Package: natbib 2010/09/13 8.31b (PWD, AO)
\bibhang=\skip45
\bibsep=\skip46
LaTeX Info: Redefining \cite on input line 694.
\c@NAT@ctr=\count94
)
Class revtex4-1 Info: Repairing natbib's \BibitemShut on input line 7549.

(/usr/local/texlive/2017/texmf-dist/tex/latex/revtex/revsymb4-1.sty
Package: revsymb4-1 2010/07/25/20:33:00 4.1r (http://publish.aps.org/revtex4/ f
or documentation)
LaTeX Info: Redefining \REV@mathfrak on input line 119.
))
(/usr/local/texlive/2017/texmf-dist/tex/latex/base/latexsym.sty
Package: latexsym 1998/08/17 v2.2e Standard LaTeX package (lasy symbols)
\symlasy=\mathgroup4
LaTeX Font Info:    Overwriting symbol font `lasy' in version `bold'
(Font)                  U/lasy/m/n --> U/lasy/b/n on input line 52.
)
(/usr/local/texlive/2017/texmf-dist/tex/latex/graphics/graphicx.sty
Package: graphicx 2014/10/28 v1.0g Enhanced LaTeX Graphics (DPC,SPQR)

(/usr/local/texlive/2017/texmf-dist/tex/latex/graphics/keyval.sty
Package: keyval 2014/10/28 v1.15 key=value parser (DPC)
\KV@toks@=\toks16
)
(/usr/local/texlive/2017/texmf-dist/tex/latex/graphics/graphics.sty
Package: graphics 2017/04/14 v1.1b Standard LaTeX Graphics (DPC,SPQR)

(/usr/local/texlive/2017/texmf-dist/tex/latex/graphics/trig.sty
Package: trig 2016/01/03 v1.10 sin cos tan (DPC)
)
(/usr/local/texlive/2017/texmf-dist/tex/latex/graphics-cfg/graphics.cfg
File: graphics.cfg 2016/06/04 v1.11 sample graphics configuration
)
Package graphics Info: Driver file: pdftex.def on input line 99.

(/usr/local/texlive/2017/texmf-dist/tex/latex/graphics-def/pdftex.def
File: pdftex.def 2017/01/12 v0.06k Graphics/color for pdfTeX

(/usr/local/texlive/2017/texmf-dist/tex/generic/oberdiek/infwarerr.sty
Package: infwarerr 2016/05/16 v1.4 Providing info/warning/error messages (HO)
)
(/usr/local/texlive/2017/texmf-dist/tex/generic/oberdiek/ltxcmds.sty
Package: ltxcmds 2016/05/16 v1.23 LaTeX kernel commands for general use (HO)
)
\Gread@gobject=\count95
))
\Gin@req@height=\dimen102
\Gin@req@width=\dimen103
)
(/usr/local/texlive/2017/texmf-dist/tex/latex/amsfonts/amssymb.sty
Package: amssymb 2013/01/14 v3.01 AMS font symbols

(/usr/local/texlive/2017/texmf-dist/tex/latex/amsfonts/amsfonts.sty
Package: amsfonts 2013/01/14 v3.01 Basic AMSFonts support
\@emptytoks=\toks17
\symAMSa=\mathgroup5
\symAMSb=\mathgroup6
LaTeX Font Info:    Overwriting math alphabet `\mathfrak' in version `bold'
(Font)                  U/euf/m/n --> U/euf/b/n on input line 106.
LaTeX Info: Redefining \frak on input line 111.
LaTeX Info: Redefining \Bbb on input line 113.
))
(/usr/local/texlive/2017/texmf-dist/tex/generic/epsf/epsf.sty
This is `epsf.tex' v2.7.4 <14 February 2011>
\epsffilein=\read1
\epsfframemargin=\dimen104
\epsfframethickness=\dimen105
\epsfrsize=\dimen106
\epsftmp=\dimen107
\epsftsize=\dimen108
\epsfxsize=\dimen109
\epsfysize=\dimen110
\pspoints=\dimen111
)
\rptnum=\count96
\rptloopnum=\count97
\fncount=\count98
\endfncount=\count99
\c@front@matter@foot@note=\count100
\keys@width=\skip47
\c@lastfootnote=\count101
\c@remember@figure@num=\count102
\c@remember@table@num=\count103
\bibskip=\skip48
\bibindent=\dimen112
\plot@width=\skip49
\c@table@save=\count104
\@abovenoteskip=\dimen113
\table@note@skip=\skip50
\deluxe@table@width=\skip51
\@d@t@a=\skip52
\c@deluxe@table@num=\count105
\LTcapwidth=\dimen114
\abovedeluxetableskip=\skip53
\belowdeluxetableskip=\skip54
\lastrowheight=\dimen115
\DT@p@ftn=\toks18
\pt@column=\count106
\pt@ncol=\count107
 (/usr/local/texlive/2017/texmf-dist/tex/latex/tools/longtable.sty
Package: longtable 2014/10/28 v4.11 Multi-page Table package (DPC)
\LTleft=\skip55
\LTright=\skip56
\LTpre=\skip57
\LTpost=\skip58
\LTchunksize=\count108
\LTcapwidth=\dimen116
\LT@head=\box41
\LT@firsthead=\box42
\LT@foot=\box43
\LT@lastfoot=\box44
\LT@cols=\count109
\LT@rows=\count110
\c@LT@tables=\count111
\c@LT@chunks=\count112
\LT@p@ftn=\toks19
)
(/usr/local/texlive/2017/texmf-dist/tex/latex/xcolor/xcolor.sty
Package: xcolor 2016/05/11 v2.12 LaTeX color extensions (UK)

(/usr/local/texlive/2017/texmf-dist/tex/latex/graphics-cfg/color.cfg
File: color.cfg 2016/01/02 v1.6 sample color configuration
)
Package xcolor Info: Driver file: pdftex.def on input line 225.
Package xcolor Info: Model `cmy' substituted by `cmy0' on input line 1348.
Package xcolor Info: Model `hsb' substituted by `rgb' on input line 1352.
Package xcolor Info: Model `RGB' extended on input line 1364.
Package xcolor Info: Model `HTML' substituted by `rgb' on input line 1366.
Package xcolor Info: Model `Hsb' substituted by `hsb' on input line 1367.
Package xcolor Info: Model `tHsb' substituted by `hsb' on input line 1368.
Package xcolor Info: Model `HSB' substituted by `hsb' on input line 1369.
Package xcolor Info: Model `Gray' substituted by `gray' on input line 1370.
Package xcolor Info: Model `wave' substituted by `hsb' on input line 1371.
)
(/usr/local/texlive/2017/texmf-dist/tex/latex/hyperref/hyperref.sty
Package: hyperref 2017/03/14 v6.85a Hypertext links for LaTeX

(/usr/local/texlive/2017/texmf-dist/tex/generic/oberdiek/hobsub-hyperref.sty
Package: hobsub-hyperref 2016/05/16 v1.14 Bundle oberdiek, subset hyperref (HO)


(/usr/local/texlive/2017/texmf-dist/tex/generic/oberdiek/hobsub-generic.sty
Package: hobsub-generic 2016/05/16 v1.14 Bundle oberdiek, subset generic (HO)
Package: hobsub 2016/05/16 v1.14 Construct package bundles (HO)
Package hobsub Info: Skipping package `infwarerr' (already loaded).
Package hobsub Info: Skipping package `ltxcmds' (already loaded).
Package: ifluatex 2016/05/16 v1.4 Provides the ifluatex switch (HO)
Package ifluatex Info: LuaTeX not detected.
Package: ifvtex 2016/05/16 v1.6 Detect VTeX and its facilities (HO)
Package ifvtex Info: VTeX not detected.
Package: intcalc 2016/05/16 v1.2 Expandable calculations with integers (HO)
Package: ifpdf 2017/03/15 v3.2 Provides the ifpdf switch
Package: etexcmds 2016/05/16 v1.6 Avoid name clashes with e-TeX commands (HO)
Package etexcmds Info: Could not find \expanded.
(etexcmds)             That can mean that you are not using pdfTeX 1.50 or
(etexcmds)             that some package has redefined \expanded.
(etexcmds)             In the latter case, load this package earlier.
Package: kvsetkeys 2016/05/16 v1.17 Key value parser (HO)
Package: kvdefinekeys 2016/05/16 v1.4 Define keys (HO)
Package: pdftexcmds 2017/03/19 v0.25 Utility functions of pdfTeX for LuaTeX (HO
)
Package pdftexcmds Info: LuaTeX not detected.
Package pdftexcmds Info: \pdf@primitive is available.
Package pdftexcmds Info: \pdf@ifprimitive is available.
Package pdftexcmds Info: \pdfdraftmode found.
Package: pdfescape 2016/05/16 v1.14 Implements pdfTeX's escape features (HO)
Package: bigintcalc 2016/05/16 v1.4 Expandable calculations on big integers (HO
)
Package: bitset 2016/05/16 v1.2 Handle bit-vector datatype (HO)
Package: uniquecounter 2016/05/16 v1.3 Provide unlimited unique counter (HO)
)
Package hobsub Info: Skipping package `hobsub' (already loaded).
Package: letltxmacro 2016/05/16 v1.5 Let assignment for LaTeX macros (HO)
Package: hopatch 2016/05/16 v1.3 Wrapper for package hooks (HO)
Package: xcolor-patch 2016/05/16 xcolor patch
Package: atveryend 2016/05/16 v1.9 Hooks at the very end of document (HO)
Package: atbegshi 2016/06/09 v1.18 At begin shipout hook (HO)
Package: refcount 2016/05/16 v3.5 Data extraction from label references (HO)
Package: hycolor 2016/05/16 v1.8 Color options for hyperref/bookmark (HO)
)
(/usr/local/texlive/2017/texmf-dist/tex/generic/ifxetex/ifxetex.sty
Package: ifxetex 2010/09/12 v0.6 Provides ifxetex conditional
)
(/usr/local/texlive/2017/texmf-dist/tex/latex/oberdiek/auxhook.sty
Package: auxhook 2016/05/16 v1.4 Hooks for auxiliary files (HO)
)
(/usr/local/texlive/2017/texmf-dist/tex/latex/oberdiek/kvoptions.sty
Package: kvoptions 2016/05/16 v3.12 Key value format for package options (HO)
)
\@linkdim=\dimen117
\Hy@linkcounter=\count113
\Hy@pagecounter=\count114

(/usr/local/texlive/2017/texmf-dist/tex/latex/hyperref/pd1enc.def
File: pd1enc.def 2017/03/14 v6.85a Hyperref: PDFDocEncoding definition (HO)
)
\Hy@SavedSpaceFactor=\count115

(/usr/local/texlive/2017/texmf-dist/tex/latex/latexconfig/hyperref.cfg
File: hyperref.cfg 2002/06/06 v1.2 hyperref configuration of TeXLive
)
Package hyperref Info: Option `bookmarks' set `false' on input line 4374.
Package hyperref Info: Option `pdfnewwindow' set `true' on input line 4374.
Package hyperref Info: Option `colorlinks' set `true' on input line 4374.
Package hyperref Info: Option `final' set `true' on input line 4374.
Package hyperref Info: Hyper figures OFF on input line 4498.
Package hyperref Info: Link nesting OFF on input line 4503.
Package hyperref Info: Hyper index ON on input line 4506.
Package hyperref Info: Plain pages OFF on input line 4513.
Package hyperref Info: Backreferencing OFF on input line 4518.
Package hyperref Info: Implicit mode ON; LaTeX internals redefined.
Package hyperref Info: Bookmarks OFF on input line 4757.
LaTeX Info: Redefining \href on input line 5015.
\c@Hy@tempcnt=\count116
LaTeX Info: Redefining \url on input line 5104.
\XeTeXLinkMargin=\dimen118
\Fld@menulength=\count117
\Field@Width=\dimen119
\Fld@charsize=\dimen120
Package hyperref Info: Hyper figures OFF on input line 6358.
Package hyperref Info: Link nesting OFF on input line 6363.
Package hyperref Info: Hyper index ON on input line 6366.
Package hyperref Info: backreferencing OFF on input line 6373.
Package hyperref Info: Link coloring ON on input line 6376.
Package hyperref Info: Link coloring with OCG OFF on input line 6383.
Package hyperref Info: PDF/A mode OFF on input line 6388.
LaTeX Info: Redefining \ref on input line 6428.
LaTeX Info: Redefining \pageref on input line 6432.
\Hy@abspage=\count118
\c@Item=\count119
\c@Hfootnote=\count120
)

Package hyperref Message: Driver (autodetected): hpdftex.

(/usr/local/texlive/2017/texmf-dist/tex/latex/hyperref/hpdftex.def
File: hpdftex.def 2017/03/14 v6.85a Hyperref driver for pdfTeX
\Fld@listcount=\count121
\c@bookmark@seq@number=\count122

(/usr/local/texlive/2017/texmf-dist/tex/latex/oberdiek/rerunfilecheck.sty
Package: rerunfilecheck 2016/05/16 v1.8 Rerun checks for auxiliary files (HO)
Package uniquecounter Info: New unique counter `rerunfilecheck' on input line 2
82.
)
\Hy@SectionHShift=\skip59
)
(/usr/local/texlive/2017/texmf-dist/tex/latex/tools/array.sty
Package: array 2016/10/06 v2.4d Tabular extension package (FMi)
\col@sep=\dimen121
\extrarowheight=\dimen122
\NC@list=\toks20
\extratabsurround=\skip60
\backup@length=\skip61
)
\colcount=\count123
\firstcolcount=\count124
\secondcolcount=\count125
\thirdcolcount=\count126
\columncount=\count127
\howmanyDs=\count128
\firsthowmanyDs=\count129
\secondhowmanyDs=\count130
\PartsOfTable=\count131
\columnoneandtwo=\count132
\colnumsused=\count133
\loopnum=\count134
\totalcolumncount=\count135
\totalcolumns=\count136
\firsttablebox=\box45
\secondtablebox=\box46
\thirdtablebox=\box47
\longtablebox=\box48
\splitbox=\box49
\movetabledown=\dimen123
\maxtablewidth=\dimen124
\savetabskip=\dimen125
\tempcounter=\count137
\colheadcount=\count138
\rotatetablebox=\box50
\colorcount=\count139
\refchangenumber=\count140
\listchangenum=\count141

(/usr/local/texlive/2017/texmf-dist/tex/generic/ulem/ulem.sty
\UL@box=\box51
\UL@hyphenbox=\box52
\UL@skip=\skip62
\UL@hook=\toks21
\UL@height=\dimen126
\UL@pe=\count142
\UL@pixel=\dimen127
\ULC@box=\box53
Package: ulem 2012/05/18
\ULdepth=\dimen128
)
\AuthorCollaborationLimit=\count143
\largestAffilNum=\count144
\countauthors=\count145
\c@affilcount=\count146
\widetext@top=\box54
\widetext@bot=\box55
)
(/usr/local/texlive/2017/texmf-dist/tex/latex/subfigure/subfigure.sty
Package: subfigure 2002/03/15 v2.1.5 subfigure package
\subfigtopskip=\skip63
\subfigcapskip=\skip64
\subfigcaptopadj=\dimen129
\subfigbottomskip=\skip65
\subfigcapmargin=\dimen130
\subfiglabelskip=\skip66
\c@subfigure=\count147
\c@lofdepth=\count148
\c@subtable=\count149
\c@lotdepth=\count150

****************************************
* Local config file subfigure.cfg used *
****************************************
(/usr/local/texlive/2017/texmf-dist/tex/latex/subfigure/subfigure.cfg)
\subfig@top=\skip67
\subfig@bottom=\skip68
)
(/usr/local/texlive/2017/texmf-dist/tex/latex/amsmath/amsmath.sty
Package: amsmath 2016/11/05 v2.16a AMS math features
\@mathmargin=\skip69

For additional information on amsmath, use the `?' option.
(/usr/local/texlive/2017/texmf-dist/tex/latex/amsmath/amstext.sty
Package: amstext 2000/06/29 v2.01 AMS text

(/usr/local/texlive/2017/texmf-dist/tex/latex/amsmath/amsgen.sty
File: amsgen.sty 1999/11/30 v2.0 generic functions
\@emptytoks=\toks22
\ex@=\dimen131
)
LaTeX Info: Redefining \text on input line 28.
)
(/usr/local/texlive/2017/texmf-dist/tex/latex/amsmath/amsbsy.sty
Package: amsbsy 1999/11/29 v1.2d Bold Symbols
\pmbraise@=\dimen132
)
(/usr/local/texlive/2017/texmf-dist/tex/latex/amsmath/amsopn.sty
Package: amsopn 2016/03/08 v2.02 operator names
)
\inf@bad=\count151
LaTeX Info: Redefining \frac on input line 213.
\uproot@=\count152
\leftroot@=\count153
LaTeX Info: Redefining \overline on input line 375.
\classnum@=\count154
\DOTSCASE@=\count155
LaTeX Info: Redefining \ldots on input line 472.
LaTeX Info: Redefining \dots on input line 475.
LaTeX Info: Redefining \cdots on input line 596.
\Mathstrutbox@=\box56
\strutbox@=\box57
\big@size=\dimen133
LaTeX Font Info:    Redeclaring font encoding OML on input line 712.
LaTeX Font Info:    Redeclaring font encoding OMS on input line 713.
\macc@depth=\count156
\c@MaxMatrixCols=\count157
\dotsspace@=\muskip11
\c@parentequation=\count158
\dspbrk@lvl=\count159
\tag@help=\toks23
\row@=\count160
\column@=\count161
\maxfields@=\count162
\andhelp@=\toks24
\eqnshift@=\dimen134
\alignsep@=\dimen135
\tagshift@=\dimen136
\tagwidth@=\dimen137
\totwidth@=\dimen138
\lineht@=\dimen139
\@envbody=\toks25
\multlinegap=\skip70
\multlinetaggap=\skip71
\mathdisplay@stack=\toks26
LaTeX Info: Redefining \[ on input line 2817.
LaTeX Info: Redefining \] on input line 2818.
)
(/usr/local/texlive/2017/texmf-dist/tex/latex/breakcites/breakcites.sty)
(/usr/local/texlive/2017/texmf-dist/tex/latex/microtype/microtype.sty
Package: microtype 2016/05/14 v2.6a Micro-typographical refinements (RS)
\MT@toks=\toks27
\MT@count=\count163
LaTeX Info: Redefining \textls on input line 774.
\MT@outer@kern=\dimen140
LaTeX Info: Redefining \textmicrotypecontext on input line 1310.
\MT@listname@count=\count164

(/usr/local/texlive/2017/texmf-dist/tex/latex/microtype/microtype-pdftex.def
File: microtype-pdftex.def 2016/05/14 v2.6a Definitions specific to pdftex (RS)

LaTeX Info: Redefining \lsstyle on input line 916.
LaTeX Info: Redefining \lslig on input line 916.
\MT@outer@space=\skip72
)
Package microtype Info: Loading configuration file microtype.cfg.

(/usr/local/texlive/2017/texmf-dist/tex/latex/microtype/microtype.cfg
File: microtype.cfg 2016/05/14 v2.6a microtype main configuration file (RS)
))
Class revtex4-1 Info: Unrecognized array package. Please update this document c
lass! (Proceeding with fingers crossed.) on input line 45.
Class revtex4-1 Info: Patching unrecognized longtable package. (Proceeding with
 fingers crossed) on input line 45.
Class revtex4-1 Info: Robustifying \LaTeX's \boldmath command on input line 45.

Class revtex4-1 Info: cite was not loaded (OK!) on input line 45.
Class revtex4-1 Info: mcite was not loaded (OK!) on input line 45.
Class revtex4-1 Info: multicol was not loaded (OK!) on input line 45.

(./rotation_paper10.aux

LaTeX Warning: Label `tab:params' multiply defined.


LaTeX Warning: Label `Lstar_fraction' multiply defined.


LaTeX Warning: Label `b_vs_dv2' multiply defined.

)
\openout1 = `rotation_paper10.aux'.

LaTeX Font Info:    Checking defaults for OML/cmm/m/it on input line 45.
LaTeX Font Info:    ... okay on input line 45.
LaTeX Font Info:    Checking defaults for T1/cmr/m/n on input line 45.
LaTeX Font Info:    ... okay on input line 45.
LaTeX Font Info:    Checking defaults for OT1/cmr/m/n on input line 45.
LaTeX Font Info:    ... okay on input line 45.
LaTeX Font Info:    Checking defaults for OMS/cmsy/m/n on input line 45.
LaTeX Font Info:    ... okay on input line 45.
LaTeX Font Info:    Checking defaults for OMX/cmex/m/n on input line 45.
LaTeX Font Info:    ... okay on input line 45.
LaTeX Font Info:    Checking defaults for U/cmr/m/n on input line 45.
LaTeX Font Info:    ... okay on input line 45.
LaTeX Font Info:    Checking defaults for PD1/pdf/m/n on input line 45.
LaTeX Font Info:    ... okay on input line 45.
 (/usr/local/texlive/2017/texmf-dist/tex/context/base/mkii/supp-pdf.mkii
[Loading MPS to PDF converter (version 2006.09.02).]
\scratchcounter=\count165
\scratchdimen=\dimen141
\scratchbox=\box58
\nofMPsegments=\count166
\nofMParguments=\count167
\everyMPshowfont=\toks28
\MPscratchCnt=\count168
\MPscratchDim=\dimen142
\MPnumerator=\count169
\makeMPintoPDFobject=\count170
\everyMPtoPDFconversion=\toks29
) (/usr/local/texlive/2017/texmf-dist/tex/latex/oberdiek/epstopdf-base.sty
Package: epstopdf-base 2016/05/15 v2.6 Base part for package epstopdf

(/usr/local/texlive/2017/texmf-dist/tex/latex/oberdiek/grfext.sty
Package: grfext 2016/05/16 v1.2 Manage graphics extensions (HO)
)
Package epstopdf-base Info: Redefining graphics rule for `.eps' on input line 4
38.
Package grfext Info: Graphics extension search list:
(grfext)             [.png,.pdf,.jpg,.mps,.jpeg,.jbig2,.jb2,.PNG,.PDF,.JPG,.JPE
G,.JBIG2,.JB2,.eps]
(grfext)             \AppendGraphicsExtensions on input line 456.

(/usr/local/texlive/2017/texmf-dist/tex/latex/latexconfig/epstopdf-sys.cfg
File: epstopdf-sys.cfg 2010/07/13 v1.3 Configuration of (r)epstopdf for TeX Liv
e
))
\AtBeginShipoutBox=\box59
Package hyperref Info: Link coloring ON on input line 45.

(/usr/local/texlive/2017/texmf-dist/tex/latex/hyperref/nameref.sty
Package: nameref 2016/05/21 v2.44 Cross-referencing by name of section

(/usr/local/texlive/2017/texmf-dist/tex/generic/oberdiek/gettitlestring.sty
Package: gettitlestring 2016/05/16 v1.5 Cleanup title references (HO)
)
\c@section@level=\count171
)
LaTeX Info: Redefining \ref on input line 45.
LaTeX Info: Redefining \pageref on input line 45.
LaTeX Info: Redefining \nameref on input line 45.
LaTeX Info: Redefining \microtypecontext on input line 45.
Package microtype Info: Generating PDF output.
Package microtype Info: Character protrusion enabled (level 2).
Package microtype Info: Using default protrusion set `alltext'.
Package microtype Info: Automatic font expansion enabled (level 2),
(microtype)             stretch: 20, shrink: 20, step: 1, non-selected.
Package microtype Info: Using default expansion set `basictext'.
Package microtype Info: No adjustment of tracking.
Package microtype Info: No adjustment of interword spacing.
Package microtype Info: No adjustment of character kerning.

(/usr/local/texlive/2017/texmf-dist/tex/latex/microtype/mt-cmr.cfg
File: mt-cmr.cfg 2013/05/19 v2.2 microtype config. file: Computer Modern Roman 
(RS)
)
LaTeX Font Info:    Try loading font information for U+lasy on input line 63.

(/usr/local/texlive/2017/texmf-dist/tex/latex/base/ulasy.fd
File: ulasy.fd 1998/08/17 v2.2e LaTeX symbol font definitions
)
LaTeX Font Info:    Try loading font information for U+msa on input line 63.

(/usr/local/texlive/2017/texmf-dist/tex/latex/amsfonts/umsa.fd
File: umsa.fd 2013/01/14 v3.01 AMS symbols A
)
(/usr/local/texlive/2017/texmf-dist/tex/latex/microtype/mt-msa.cfg
File: mt-msa.cfg 2006/02/04 v1.1 microtype config. file: AMS symbols (a) (RS)
)
LaTeX Font Info:    Try loading font information for U+msb on input line 63.

(/usr/local/texlive/2017/texmf-dist/tex/latex/amsfonts/umsb.fd
File: umsb.fd 2013/01/14 v3.01 AMS symbols B
)
(/usr/local/texlive/2017/texmf-dist/tex/latex/microtype/mt-msb.cfg
File: mt-msb.cfg 2005/06/01 v1.0 microtype config. file: AMS symbols (b) (RS)
) [1{/usr/local/texlive/2017/texmf-var/fonts/map/pdftex/updmap/pdftex.map}]
Underfull \hbox (badness 10000) detected at line 232
$\OML/cmm/m/it/8 a$
 []

[2] [3]
Underfull \hbox (badness 3088) in paragraph at lines 246--246
[][]| [] [][][][]$\OT1/cmr/m/n/8 (+20) http : / / cars9 . uchicago . edu / soft
ware / python / lm^^Lt / contents .
 []

[4]
<figures//NGC3633-rotation_curve_nice3.pdf, id=226, 515.28331pt x 379.39505pt>
File: figures//NGC3633-rotation_curve_nice3.pdf Graphic file (type pdf)

<use figures//NGC3633-rotation_curve_nice3.pdf>
Package pdftex.def Info: figures//NGC3633-rotation_curve_nice3.pdf used on inpu
t line 295.
(pdftex.def)             Requested size: 169.32968pt x 124.67393pt.

<figures//NGC3633-NFW_fit_Rvir.pdf, id=227, 497.15572pt x 379.39505pt>
File: figures//NGC3633-NFW_fit_Rvir.pdf Graphic file (type pdf)

<use figures//NGC3633-NFW_fit_Rvir.pdf>
Package pdftex.def Info: figures//NGC3633-NFW_fit_Rvir.pdf used on input line 2
96.
(pdftex.def)             Requested size: 163.68459pt x 124.91129pt.

<figures//NGC3633-RX_J1121_2+0326_model_plot4.pdf, id=228, 519.41086pt x 380.56
326pt>
File: figures//NGC3633-RX_J1121_2+0326_model_plot4.pdf Graphic file (type pdf)
 <use figures//NGC3633-RX_J1121_2+0326_model_plot4.pdf>
Package pdftex.def Info: figures//NGC3633-RX_J1121_2+0326_model_plot4.pdf used 
on input line 297.
(pdftex.def)             Requested size: 169.83861pt x 124.4365pt.


Class revtex4-1 Warning: Float cannot be placed.


<figures//NGC3633-RX_J1121_2+0326_3Dmodel_plot1_2.pdf, id=229, 455.17293pt x 52
1.5731pt>
File: figures//NGC3633-RX_J1121_2+0326_3Dmodel_plot1_2.pdf Graphic file (type p
df)
 <use figures//NGC3633-RX_J1121_2+0326_3Dmodel_plot1_2.pdf>
Package pdftex.def Info: figures//NGC3633-RX_J1121_2+0326_3Dmodel_plot1_2.pdf u
sed on input line 307.
(pdftex.def)             Requested size: 164.20132pt x 188.15614pt.

<figures//NGC3633-RX_J1121_2+0326_3Dmodel_plot2_2.pdf, id=230, 426.56146pt x 46
5.53165pt>
File: figures//NGC3633-RX_J1121_2+0326_3Dmodel_plot2_2.pdf Graphic file (type p
df)
 <use figures//NGC3633-RX_J1121_2+0326_3Dmodel_plot2_2.pdf>
Package pdftex.def Info: figures//NGC3633-RX_J1121_2+0326_3Dmodel_plot2_2.pdf u
sed on input line 308.
(pdftex.def)             Requested size: 164.20132pt x 179.20537pt.

<figures//NGC3633-RX_J1121_2+0326_3Dmodel_plot3_2.pdf, id=231, 400.27649pt x 42
0.35768pt>
File: figures//NGC3633-RX_J1121_2+0326_3Dmodel_plot3_2.pdf Graphic file (type p
df)
 <use figures//NGC3633-RX_J1121_2+0326_3Dmodel_plot3_2.pdf>
Package pdftex.def Info: figures//NGC3633-RX_J1121_2+0326_3Dmodel_plot3_2.pdf u
sed on input line 309.
(pdftex.def)             Requested size: 164.20132pt x 172.43756pt.


Class revtex4-1 Warning: Float cannot be placed.

[5]

LaTeX Warning: A float is stuck (cannot be placed) on input line 457.

[6 <./figures//NGC3633-rotation_curve_nice3.pdf> <./figures//NGC3633-NFW_fit_Rv
ir.pdf

pdfTeX warning: /Library/TeX/texbin/pdflatex (file ./figures//NGC3633-NFW_fit_R
vir.pdf): PDF inclusion: multiple pdfs with page group included in a single pag
e
> <./figures//NGC3633-RX_J1121_2+0326_model_plot4.pdf

pdfTeX warning: /Library/TeX/texbin/pdflatex (file ./figures//NGC3633-RX_J1121_
2+0326_model_plot4.pdf): PDF inclusion: multiple pdfs with page group included 
in a single page
> <./figures//NGC3633-RX_J1121_2+0326_3Dmodel_plot1_2.pdf> <./figures//NGC3633-
RX_J1121_2+0326_3Dmodel_plot2_2.pdf> <./figures//NGC3633-RX_J1121_2+0326_3Dmode
l_plot3_2.pdf>] [7]
Underfull \hbox (badness 10000) detected at line 461
$\OML/cmm/m/it/7 a$
 []


Underfull \hbox (badness 10000) detected at line 461
$\OML/cmm/m/it/7 b$
 []


Underfull \hbox (badness 10000) detected at line 461
$\OML/cmm/m/it/7 c$
 []

[8]
<figures//SALTmap_velstrict_False_non_True_Lstar_0-100_minsep_False_inclim_0.pd
f, id=402, 518.70062pt x 509.66971pt>
File: figures//SALTmap_velstrict_False_non_True_Lstar_0-100_minsep_False_inclim
_0.pdf Graphic file (type pdf)

<use figures//SALTmap_velstrict_False_non_True_Lstar_0-100_minsep_False_inclim_
0.pdf>
Package pdftex.def Info: figures//SALTmap_velstrict_False_non_True_Lstar_0-100_
minsep_False_inclim_0.pdf used on input line 478.
(pdftex.def)             Requested size: 492.59618pt x 484.02794pt.


Class revtex4-1 Warning: Float cannot be placed.


<figures//SALTmap_velstrict_False_non_True_Lstar_0-100_minsep_False_zoom_1_incl
im_0.pdf, id=405, 544.97469pt x 509.66971pt>
File: figures//SALTmap_velstrict_False_non_True_Lstar_0-100_minsep_False_zoom_1
_inclim_0.pdf Graphic file (type pdf)

<use figures//SALTmap_velstrict_False_non_True_Lstar_0-100_minsep_False_zoom_1_
inclim_0.pdf>
Package pdftex.def Info: figures//SALTmap_velstrict_False_non_True_Lstar_0-100_
minsep_False_zoom_1_inclim_0.pdf used on input line 487.
(pdftex.def)             Requested size: 492.59618pt x 460.68161pt.

<figures//SALTmap_NFW_model_velstrict_True_non_True_Lstar_0-100_minsep_False_in
clim_0.pdf, id=413, 518.70062pt x 509.66971pt>
File: figures//SALTmap_NFW_model_velstrict_True_non_True_Lstar_0-100_minsep_Fal
se_inclim_0.pdf Graphic file (type pdf)

<use figures//SALTmap_NFW_model_velstrict_True_non_True_Lstar_0-100_minsep_Fals
e_inclim_0.pdf>
Package pdftex.def Info: figures//SALTmap_NFW_model_velstrict_True_non_True_Lst
ar_0-100_minsep_False_inclim_0.pdf used on input line 504.
(pdftex.def)             Requested size: 251.43036pt x 247.0573pt.

<figures//SALTmap_NFW_model_velstrict_True_non_True_Lstar_0-06_minsep_False_inc
lim_0.pdf, id=414, 518.70062pt x 509.66971pt>
File: figures//SALTmap_NFW_model_velstrict_True_non_True_Lstar_0-06_minsep_Fals
e_inclim_0.pdf Graphic file (type pdf)

<use figures//SALTmap_NFW_model_velstrict_True_non_True_Lstar_0-06_minsep_False
_inclim_0.pdf>
Package pdftex.def Info: figures//SALTmap_NFW_model_velstrict_True_non_True_Lst
ar_0-06_minsep_False_inclim_0.pdf used on input line 505.
(pdftex.def)             Requested size: 251.43036pt x 247.0573pt.
 [9]

LaTeX Warning: A float is stuck (cannot be placed) on input line 584.

[10 <./figures//SALTmap_velstrict_False_non_True_Lstar_0-100_minsep_False_incli
m_0.pdf>]

LaTeX Warning: A float is stuck (cannot be placed) on input line 584.


Class revtex4-1 Warning: Deferred float stuck during \clearpage processing.

[11 <./figures//SALTmap_velstrict_False_non_True_Lstar_0-100_minsep_False_zoom_
1_inclim_0.pdf>]
<figures//SALT_corotate_vs_Lstar_velstrict_True_non_True_Lstar_06_minsep_False_
ALLmodel.pdf, id=478, 542.82799pt x 470.55798pt>
File: figures//SALT_corotate_vs_Lstar_velstrict_True_non_True_Lstar_06_minsep_F
alse_ALLmodel.pdf Graphic file (type pdf)

<use figures//SALT_corotate_vs_Lstar_velstrict_True_non_True_Lstar_06_minsep_Fa
lse_ALLmodel.pdf>
Package pdftex.def Info: figures//SALT_corotate_vs_Lstar_velstrict_True_non_Tru
e_Lstar_06_minsep_False_ALLmodel.pdf used on input line 592.
(pdftex.def)             Requested size: 237.42015pt x 205.81117pt.

<figures//SALT_corotate_vs_Lstar_minimum_velstrict_True_non_True_Lstar_06_minse
p_False_ALLmodel.pdf, id=479, 542.82799pt x 470.55798pt>
File: figures//SALT_corotate_vs_Lstar_minimum_velstrict_True_non_True_Lstar_06_
minsep_False_ALLmodel.pdf Graphic file (type pdf)

<use figures//SALT_corotate_vs_Lstar_minimum_velstrict_True_non_True_Lstar_06_m
insep_False_ALLmodel.pdf>
Package pdftex.def Info: figures//SALT_corotate_vs_Lstar_minimum_velstrict_True
_non_True_Lstar_06_minsep_False_ALLmodel.pdf used on input line 594.
(pdftex.def)             Requested size: 237.42015pt x 205.81117pt.
 [12 <./figures//SALTmap_NFW_model_velstrict_True_non_True_Lstar_0-100_minsep_F
alse_inclim_0.pdf> <./figures//SALTmap_NFW_model_velstrict_True_non_True_Lstar_
0-06_minsep_False_inclim_0.pdf

pdfTeX warning: /Library/TeX/texbin/pdflatex (file ./figures//SALTmap_NFW_model
_velstrict_True_non_True_Lstar_0-06_minsep_False_inclim_0.pdf): PDF inclusion: 
multiple pdfs with page group included in a single page
>]

LaTeX Warning: A float is stuck (cannot be placed) on input line 608.


LaTeX Warning: A float is stuck (cannot be placed) on input line 608.


Class revtex4-1 Warning: Deferred float stuck during \clearpage processing.


<figures//SALT_bhist_NFW_velstrict_True_non_True_Lstar_06_minsep_False_fits_Tru
e.pdf, id=526, 512.26872pt x 510.56573pt>
File: figures//SALT_bhist_NFW_velstrict_True_non_True_Lstar_06_minsep_False_fit
s_True.pdf Graphic file (type pdf)

<use figures//SALT_bhist_NFW_velstrict_True_non_True_Lstar_06_minsep_False_fits
_True.pdf>
Package pdftex.def Info: figures//SALT_bhist_NFW_velstrict_True_non_True_Lstar_
06_minsep_False_fits_True.pdf used on input line 612.
(pdftex.def)             Requested size: 218.03839pt x 217.31087pt.

<figures//SALT_b_vs_dv_NFW_velstrict_True_non_True_Lstar_False_minsep_False_fit
s_True.pdf, id=527, 523.82553pt x 510.56573pt>
File: figures//SALT_b_vs_dv_NFW_velstrict_True_non_True_Lstar_False_minsep_Fals
e_fits_True.pdf Graphic file (type pdf)

<use figures//SALT_b_vs_dv_NFW_velstrict_True_non_True_Lstar_False_minsep_False
_fits_True.pdf>
Package pdftex.def Info: figures//SALT_b_vs_dv_NFW_velstrict_True_non_True_Lsta
r_False_minsep_False_fits_True.pdf used on input line 613.
(pdftex.def)             Requested size: 218.03839pt x 212.51965pt.

Overfull \hbox (2.11273pt too wide) in paragraph at lines 657--659
[]\OT1/cmr/m/n/10 (-20) We have pre-sented com-pli-men-tary COS Ly$\OML/cmm/m/i
t/10 $ \OT1/cmr/m/n/10 (-20) absorption-
 []

[13 <./figures//SALT_corotate_vs_Lstar_velstrict_True_non_True_Lstar_06_minsep_
False_ALLmodel.pdf> <./figures//SALT_corotate_vs_Lstar_minimum_velstrict_True_n
on_True_Lstar_06_minsep_False_ALLmodel.pdf

pdfTeX warning: /Library/TeX/texbin/pdflatex (file ./figures//SALT_corotate_vs_
Lstar_minimum_velstrict_True_non_True_Lstar_06_minsep_False_ALLmodel.pdf): PDF 
inclusion: multiple pdfs with page group included in a single page
>] [14]

LaTeX Warning: A float is stuck (cannot be placed) on input line 694.


Class revtex4-1 Warning: Deferred float stuck during \clearpage processing.

[15 <./figures//SALT_bhist_NFW_velstrict_True_non_True_Lstar_06_minsep_False_fi
ts_True.pdf> <./figures//SALT_b_vs_dv_NFW_velstrict_True_non_True_Lstar_False_m
insep_False_fits_True.pdf

pdfTeX warning: /Library/TeX/texbin/pdflatex (file ./figures//SALT_b_vs_dv_NFW_
velstrict_True_non_True_Lstar_False_minsep_False_fits_True.pdf): PDF inclusion:
 multiple pdfs with page group included in a single page
>] (./rotation_paper10.bbl [16]) [17]
<figures//CGCG039-137-rotation_curve_nice3.pdf, id=653, 531.90718pt x 387.36722
pt>
File: figures//CGCG039-137-rotation_curve_nice3.pdf Graphic file (type pdf)
 <use figures//CGCG039-137-rotation_curve_nice3.pdf>
Package pdftex.def Info: figures//CGCG039-137-rotation_curve_nice3.pdf used on 
input line 718.
(pdftex.def)             Requested size: 277.07996pt x 201.79266pt.

<figures//CGCG039-137_Finding_chart.jpg, id=654, 3098.57625pt x 2768.3425pt>
File: figures//CGCG039-137_Finding_chart.jpg Graphic file (type jpg)

<use figures//CGCG039-137_Finding_chart.jpg>
Package pdftex.def Info: figures//CGCG039-137_Finding_chart.jpg used on input l
ine 719.
(pdftex.def)             Requested size: 230.90128pt x 206.265pt.

<figures//RFGC3781_2_rotation_curve_xphys_helio_vobs_vrotObs_new4.pdf, id=655, 
556.47902pt x 411.939pt>
File: figures//RFGC3781_2_rotation_curve_xphys_helio_vobs_vrotObs_new4.pdf Grap
hic file (type pdf)

<use figures//RFGC3781_2_rotation_curve_xphys_helio_vobs_vrotObs_new4.pdf>
Package pdftex.def Info: figures//RFGC3781_2_rotation_curve_xphys_helio_vobs_vr
otObs_new4.pdf used on input line 730.
(pdftex.def)             Requested size: 277.07996pt x 205.11412pt.

<figures//RFGC3781_FindingChart.jpg, id=656, 3245.12375pt x 2759.30875pt>
File: figures//RFGC3781_FindingChart.jpg Graphic file (type jpg)

<use figures//RFGC3781_FindingChart.jpg>
Package pdftex.def Info: figures//RFGC3781_FindingChart.jpg used on input line 
731.
(pdftex.def)             Requested size: 230.90128pt x 196.32912pt.
 [18 <./figures//CGCG039-137-rotation_curve_nice3.pdf> <./figures//CGCG039-137_
Finding_chart.jpg>]
<figures//IC5325_2_rotation_curve_xphys_helio_vobs_vrotObs_new4.pdf, id=689, 55
6.47902pt x 411.939pt>
File: figures//IC5325_2_rotation_curve_xphys_helio_vobs_vrotObs_new4.pdf Graphi
c file (type pdf)

<use figures//IC5325_2_rotation_curve_xphys_helio_vobs_vrotObs_new4.pdf>
Package pdftex.def Info: figures//IC5325_2_rotation_curve_xphys_helio_vobs_vrot
Obs_new4.pdf used on input line 742.
(pdftex.def)             Requested size: 277.07996pt x 205.11412pt.

<figures//IC5325_FindingChart.jpg, id=690, 3140.73375pt x 2760.3125pt>
File: figures//IC5325_FindingChart.jpg Graphic file (type jpg)

<use figures//IC5325_FindingChart.jpg>
Package pdftex.def Info: figures//IC5325_FindingChart.jpg used on input line 74
3.
(pdftex.def)             Requested size: 230.90128pt x 202.92897pt.
 [19 <./figures//RFGC3781_2_rotation_curve_xphys_helio_vobs_vrotObs_new4.pdf> <
./figures//RFGC3781_FindingChart.jpg> <./figures//IC5325_2_rotation_curve_xphys
_helio_vobs_vrotObs_new4.pdf

pdfTeX warning: /Library/TeX/texbin/pdflatex (file ./figures//IC5325_2_rotation
_curve_xphys_helio_vobs_vrotObs_new4.pdf): PDF inclusion: multiple pdfs with pa
ge group included in a single page
> <./figures//IC5325_FindingChart.jpg>]
<figures//MCG-03-58-009_2_rotation_curve_xphys_helio_vobs_vrotObs_new4.pdf, id=
756, 556.47902pt x 411.939pt>
File: figures//MCG-03-58-009_2_rotation_curve_xphys_helio_vobs_vrotObs_new4.pdf
 Graphic file (type pdf)

<use figures//MCG-03-58-009_2_rotation_curve_xphys_helio_vobs_vrotObs_new4.pdf>
Package pdftex.def Info: figures//MCG-03-58-009_2_rotation_curve_xphys_helio_vo
bs_vrotObs_new4.pdf used on input line 755.
(pdftex.def)             Requested size: 277.07996pt x 205.11412pt.
<figures//MCG-03-58-009_FindingChart.jpg, id=757, 3095.565pt x 2756.2975pt>
File: figures//MCG-03-58-009_FindingChart.jpg Graphic file (type jpg)

<use figures//MCG-03-58-009_FindingChart.jpg>
Package pdftex.def Info: figures//MCG-03-58-009_FindingChart.jpg used on input 
line 756.
(pdftex.def)             Requested size: 230.90128pt x 205.57784pt.

<figures//NGC1566_2_rotation_curve_xphys_helio_vobs_vrotObs_new4.pdf, id=758, 5
56.47902pt x 411.939pt>
File: figures//NGC1566_2_rotation_curve_xphys_helio_vobs_vrotObs_new4.pdf Graph
ic file (type pdf)

<use figures//NGC1566_2_rotation_curve_xphys_helio_vobs_vrotObs_new4.pdf>
Package pdftex.def Info: figures//NGC1566_2_rotation_curve_xphys_helio_vobs_vro
tObs_new4.pdf used on input line 770.
(pdftex.def)             Requested size: 277.07996pt x 205.11412pt.

<figures//NGC1566_FindingChart.jpg, id=759, 3115.64pt x 2768.3425pt>
File: figures//NGC1566_FindingChart.jpg Graphic file (type jpg)

<use figures//NGC1566_FindingChart.jpg>
Package pdftex.def Info: figures//NGC1566_FindingChart.jpg used on input line 7
71.
(pdftex.def)             Requested size: 230.90128pt x 205.12448pt.
 [20 <./figures//MCG-03-58-009_2_rotation_curve_xphys_helio_vobs_vrotObs_new4.p
df> <./figures//MCG-03-58-009_FindingChart.jpg>]
<figures//NGC3513_2_rotation_curve_xphys_helio_vobs_vrotObs_new4.pdf, id=794, 5
56.47902pt x 411.939pt>
File: figures//NGC3513_2_rotation_curve_xphys_helio_vobs_vrotObs_new4.pdf Graph
ic file (type pdf)

<use figures//NGC3513_2_rotation_curve_xphys_helio_vobs_vrotObs_new4.pdf>
Package pdftex.def Info: figures//NGC3513_2_rotation_curve_xphys_helio_vobs_vro
tObs_new4.pdf used on input line 782.
(pdftex.def)             Requested size: 277.07996pt x 205.11412pt.

<figures//NGC3513_Finding_chart.jpg, id=795, 3115.64pt x 2763.32375pt>
File: figures//NGC3513_Finding_chart.jpg Graphic file (type jpg)

<use figures//NGC3513_Finding_chart.jpg>
Package pdftex.def Info: figures//NGC3513_Finding_chart.jpg used on input line 
783.
(pdftex.def)             Requested size: 230.90128pt x 204.75261pt.
 [21 <./figures//NGC1566_2_rotation_curve_xphys_helio_vobs_vrotObs_new4.pdf> <.
/figures//NGC1566_FindingChart.jpg> <./figures//NGC3513_2_rotation_curve_xphys_
helio_vobs_vrotObs_new4.pdf

pdfTeX warning: /Library/TeX/texbin/pdflatex (file ./figures//NGC3513_2_rotatio
n_curve_xphys_helio_vobs_vrotObs_new4.pdf): PDF inclusion: multiple pdfs with p
age group included in a single page
> <./figures//NGC3513_Finding_chart.jpg>]
<figures//NGC3633_2_rotation_curve_xphys_helio_vobs_vrotObs_new4.pdf, id=854, 5
56.47902pt x 411.939pt>
File: figures//NGC3633_2_rotation_curve_xphys_helio_vobs_vrotObs_new4.pdf Graph
ic file (type pdf)

<use figures//NGC3633_2_rotation_curve_xphys_helio_vobs_vrotObs_new4.pdf>
Package pdftex.def Info: figures//NGC3633_2_rotation_curve_xphys_helio_vobs_vro
tObs_new4.pdf used on input line 797.
(pdftex.def)             Requested size: 277.07996pt x 205.11412pt.

<figures//NGC3633_FindingChart.jpg, id=855, 3078.50125pt x 2761.31625pt>
File: figures//NGC3633_FindingChart.jpg Graphic file (type jpg)

<use figures//NGC3633_FindingChart.jpg>
Package pdftex.def Info: figures//NGC3633_FindingChart.jpg used on input line 7
98.
(pdftex.def)             Requested size: 230.90128pt x 207.08978pt.

<figures//NGC4536_2_rotation_curve_xphys_helio_vobs_vrotObs_new4.pdf, id=856, 5
56.47902pt x 411.939pt>
File: figures//NGC4536_2_rotation_curve_xphys_helio_vobs_vrotObs_new4.pdf Graph
ic file (type pdf)

<use figures//NGC4536_2_rotation_curve_xphys_helio_vobs_vrotObs_new4.pdf>
Package pdftex.def Info: figures//NGC4536_2_rotation_curve_xphys_helio_vobs_vro
tObs_new4.pdf used on input line 813.
(pdftex.def)             Requested size: 277.07996pt x 205.11412pt.

<figures//NGC4536_FindingChart.jpg, id=857, 3098.57625pt x 2756.2975pt>
File: figures//NGC4536_FindingChart.jpg Graphic file (type jpg)

<use figures//NGC4536_FindingChart.jpg>
Package pdftex.def Info: figures//NGC4536_FindingChart.jpg used on input line 8
14.
(pdftex.def)             Requested size: 230.90128pt x 205.36755pt.
 [22 <./figures//NGC3633_2_rotation_curve_xphys_helio_vobs_vrotObs_new4.pdf> <.
/figures//NGC3633_FindingChart.jpg>]
<figures//NGC4939_2_rotation_curve_xphys_helio_vobs_vrotObs_new4.pdf, id=891, 5
56.47902pt x 411.939pt>
File: figures//NGC4939_2_rotation_curve_xphys_helio_vobs_vrotObs_new4.pdf Graph
ic file (type pdf)

<use figures//NGC4939_2_rotation_curve_xphys_helio_vobs_vrotObs_new4.pdf>
Package pdftex.def Info: figures//NGC4939_2_rotation_curve_xphys_helio_vobs_vro
tObs_new4.pdf used on input line 825.
(pdftex.def)             Requested size: 277.07996pt x 205.11412pt.

<figures//NGC4939_FindingChart.jpg, id=892, 3070.47125pt x 2760.3125pt>
File: figures//NGC4939_FindingChart.jpg Graphic file (type jpg)

<use figures//NGC4939_FindingChart.jpg>
Package pdftex.def Info: figures//NGC4939_FindingChart.jpg used on input line 8
26.
(pdftex.def)             Requested size: 230.90128pt x 207.56204pt.

<figures//NGC5364_2_rotation_curve_xphys_helio_vobs_vrotObs_new4.pdf, id=893, 5
56.47902pt x 411.939pt>
File: figures//NGC5364_2_rotation_curve_xphys_helio_vobs_vrotObs_new4.pdf Graph
ic file (type pdf)

<use figures//NGC5364_2_rotation_curve_xphys_helio_vobs_vrotObs_new4.pdf>
Package pdftex.def Info: figures//NGC5364_2_rotation_curve_xphys_helio_vobs_vro
tObs_new4.pdf used on input line 836.
(pdftex.def)             Requested size: 277.07996pt x 205.11412pt.

<figures//NGC5364_FindingChart.jpg, id=894, 3078.50125pt x 2760.3125pt>
File: figures//NGC5364_FindingChart.jpg Graphic file (type jpg)

<use figures//NGC5364_FindingChart.jpg>
Package pdftex.def Info: figures//NGC5364_FindingChart.jpg used on input line 8
37.
(pdftex.def)             Requested size: 230.90128pt x 207.01451pt.

<figures//NGC5786_2_rotation_curve_xphys_helio_vobs_vrotObs_new4.pdf, id=895, 5
56.47902pt x 411.939pt>
File: figures//NGC5786_2_rotation_curve_xphys_helio_vobs_vrotObs_new4.pdf Graph
ic file (type pdf)

<use figures//NGC5786_2_rotation_curve_xphys_helio_vobs_vrotObs_new4.pdf>
Package pdftex.def Info: figures//NGC5786_2_rotation_curve_xphys_helio_vobs_vro
tObs_new4.pdf used on input line 848.
(pdftex.def)             Requested size: 277.07996pt x 205.11412pt.

<figures//NGC5786_FindingChart.jpg, id=896, 3095.565pt x 2763.32375pt>
File: figures//NGC5786_FindingChart.jpg Graphic file (type jpg)

<use figures//NGC5786_FindingChart.jpg>
Package pdftex.def Info: figures//NGC5786_FindingChart.jpg used on input line 8
49.
(pdftex.def)             Requested size: 230.90128pt x 206.10188pt.
 [23 <./figures//NGC4536_2_rotation_curve_xphys_helio_vobs_vrotObs_new4.pdf> <.
/figures//NGC4536_FindingChart.jpg>]
[24 <./figures//NGC4939_2_rotation_curve_xphys_helio_vobs_vrotObs_new4.pdf> <./
figures//NGC4939_FindingChart.jpg> <./figures//NGC5364_2_rotation_curve_xphys_h
elio_vobs_vrotObs_new4.pdf

pdfTeX warning: /Library/TeX/texbin/pdflatex (file ./figures//NGC5364_2_rotatio
n_curve_xphys_helio_vobs_vrotObs_new4.pdf): PDF inclusion: multiple pdfs with p
age group included in a single page
> <./figures//NGC5364_FindingChart.jpg>]
<figures//UGC09760_2_rotation_curve_xphys_helio_vobs_vrotObs_new4.pdf, id=992, 
556.47902pt x 411.939pt>
File: figures//UGC09760_2_rotation_curve_xphys_helio_vobs_vrotObs_new4.pdf Grap
hic file (type pdf)

<use figures//UGC09760_2_rotation_curve_xphys_helio_vobs_vrotObs_new4.pdf>
Package pdftex.def Info: figures//UGC09760_2_rotation_curve_xphys_helio_vobs_vr
otObs_new4.pdf used on input line 864.
(pdftex.def)             Requested size: 277.07996pt x 205.11412pt.

<figures//UGC09760_FindingChart.jpg, id=993, 3078.50125pt x 2763.32375pt>
File: figures//UGC09760_FindingChart.jpg Graphic file (type jpg)

<use figures//UGC09760_FindingChart.jpg>
Package pdftex.def Info: figures//UGC09760_FindingChart.jpg used on input line 
865.
(pdftex.def)             Requested size: 230.90128pt x 207.24034pt.
 [25 <./figures//NGC5786_2_rotation_curve_xphys_helio_vobs_vrotObs_new4.pdf> <.
/figures//NGC5786_FindingChart.jpg> <./figures//UGC09760_2_rotation_curve_xphys
_helio_vobs_vrotObs_new4.pdf

pdfTeX warning: /Library/TeX/texbin/pdflatex (file ./figures//UGC09760_2_rotati
on_curve_xphys_helio_vobs_vrotObs_new4.pdf): PDF inclusion: multiple pdfs with 
page group included in a single page
> <./figures//UGC09760_FindingChart.jpg>]
Overfull \vbox (1.38113pt too high) has occurred while \output is active []


[26]

LaTeX Font Warning: Command \scriptsize invalid in math mode on input line 916.



LaTeX Font Warning: Command \sc invalid in math mode on input line 918.

[27]
Underfull \hbox (badness 10000) in paragraph at lines 933--934

 []

[28]
Underfull \hbox (badness 10000) in paragraph at lines 959--960

 []

[29]
Package atveryend Info: Empty hook `AfterLastShipout' on input line 980.
 (./rotation_paper10.aux)
Package atveryend Info: Executing hook `AtVeryEndDocument' on input line 980.
Package atveryend Info: Empty hook `AtEndAfterFileList' on input line 980.


LaTeX Warning: There were multiply-defined labels.

 )
(\end occurred when \ifx on line 99 was incomplete)
(\end occurred when \ifx on line 99 was incomplete)
(\end occurred when \ifx on line 99 was incomplete)
(\end occurred when \ifx on line 99 was incomplete)
(\end occurred when \ifx on line 99 was incomplete)
(\end occurred when \ifx on line 96 was incomplete)
(\end occurred when \ifx on line 96 was incomplete)
(\end occurred when \ifx on line 96 was incomplete)
(\end occurred when \ifx on line 96 was incomplete)
(\end occurred when \ifx on line 96 was incomplete)
(\end occurred when \ifx on line 91 was incomplete)
(\end occurred when \ifx on line 91 was incomplete)
(\end occurred when \ifx on line 91 was incomplete)
(\end occurred when \ifx on line 91 was incomplete)
(\end occurred when \ifx on line 91 was incomplete)
(\end occurred when \ifx on line 81 was incomplete)
(\end occurred when \ifx on line 81 was incomplete)
(\end occurred when \ifx on line 81 was incomplete)
(\end occurred when \ifx on line 81 was incomplete)
(\end occurred when \ifx on line 81 was incomplete)
(\end occurred when \ifx on line 81 was incomplete)
(\end occurred when \ifx on line 81 was incomplete)
(\end occurred when \ifx on line 81 was incomplete)
(\end occurred when \ifx on line 81 was incomplete)
(\end occurred when \ifx on line 81 was incomplete)
(\end occurred when \ifx on line 81 was incomplete)
(\end occurred when \ifx on line 81 was incomplete)
(\end occurred when \ifx on line 81 was incomplete)
(\end occurred when \ifx on line 81 was incomplete)
(\end occurred when \ifx on line 81 was incomplete)
(\end occurred when \ifx on line 74 was incomplete)
(\end occurred when \ifx on line 74 was incomplete)
(\end occurred when \ifx on line 74 was incomplete)
(\end occurred when \ifx on line 74 was incomplete)
(\end occurred when \ifx on line 74 was incomplete)
(\end occurred when \ifx on line 74 was incomplete)
(\end occurred when \ifx on line 74 was incomplete)
(\end occurred when \ifx on line 74 was incomplete)
(\end occurred when \ifx on line 74 was incomplete)
(\end occurred when \ifx on line 74 was incomplete)
(\end occurred when \ifx on line 74 was incomplete)
(\end occurred when \ifx on line 74 was incomplete)
(\end occurred when \ifx on line 74 was incomplete)
(\end occurred when \ifx on line 74 was incomplete)
(\end occurred when \ifx on line 74 was incomplete) 
Here is how much of TeX's memory you used:
 11941 strings out of 492995
 179357 string characters out of 6132704
 470700 words of memory out of 5000000
 14922 multiletter control sequences out of 15000+600000
 22590 words of font info for 161 fonts, out of 8000000 for 9000
 1141 hyphenation exceptions out of 8191
 39i,13n,38p,1808b,655s stack positions out of 5000i,500n,10000p,200000b,80000s
</usr/local/texlive/2017/tex
mf-dist/fonts/type1/public/amsfonts/cm/cmbx8.pfb></usr/local/texlive/2017/texmf
-dist/fonts/type1/public/amsfonts/cm/cmbx9.pfb></usr/local/texlive/2017/texmf-d
ist/fonts/type1/public/amsfonts/cm/cmbxti10.pfb></usr/local/texlive/2017/texmf-
dist/fonts/type1/public/amsfonts/cm/cmcsc10.pfb></usr/local/texlive/2017/texmf-
dist/fonts/type1/public/amsfonts/cm/cmex10.pfb></usr/local/texlive/2017/texmf-d
ist/fonts/type1/public/amsfonts/cm/cmmi10.pfb></usr/local/texlive/2017/texmf-di
st/fonts/type1/public/amsfonts/cm/cmmi12.pfb></usr/local/texlive/2017/texmf-dis
t/fonts/type1/public/amsfonts/cm/cmmi5.pfb></usr/local/texlive/2017/texmf-dist/
fonts/type1/public/amsfonts/cm/cmmi6.pfb></usr/local/texlive/2017/texmf-dist/fo
nts/type1/public/amsfonts/cm/cmmi7.pfb></usr/local/texlive/2017/texmf-dist/font
s/type1/public/amsfonts/cm/cmmi8.pfb></usr/local/texlive/2017/texmf-dist/fonts/
type1/public/amsfonts/cm/cmmi9.pfb></usr/local/texlive/2017/texmf-dist/fonts/ty
pe1/public/amsfonts/cm/cmr10.pfb></usr/local/texlive/2017/texmf-dist/fonts/type
1/public/amsfonts/cm/cmr12.pfb></usr/local/texlive/2017/texmf-dist/fonts/type1/
public/amsfonts/cm/cmr17.pfb></usr/local/texlive/2017/texmf-dist/fonts/type1/pu
blic/amsfonts/cm/cmr5.pfb></usr/local/texlive/2017/texmf-dist/fonts/type1/publi
c/amsfonts/cm/cmr6.pfb></usr/local/texlive/2017/texmf-dist/fonts/type1/public/a
msfonts/cm/cmr7.pfb></usr/local/texlive/2017/texmf-dist/fonts/type1/public/amsf
onts/cm/cmr8.pfb></usr/local/texlive/2017/texmf-dist/fonts/type1/public/amsfont
s/cm/cmr9.pfb></usr/local/texlive/2017/texmf-dist/fonts/type1/public/amsfonts/c
m/cmsy10.pfb></usr/local/texlive/2017/texmf-dist/fonts/type1/public/amsfonts/cm
/cmsy5.pfb></usr/local/texlive/2017/texmf-dist/fonts/type1/public/amsfonts/cm/c
msy6.pfb></usr/local/texlive/2017/texmf-dist/fonts/type1/public/amsfonts/cm/cms
y7.pfb></usr/local/texlive/2017/texmf-dist/fonts/type1/public/amsfonts/cm/cmsy8
.pfb></usr/local/texlive/2017/texmf-dist/fonts/type1/public/amsfonts/cm/cmsy9.p
fb></usr/local/texlive/2017/texmf-dist/fonts/type1/public/amsfonts/cm/cmti10.pf
b></usr/local/texlive/2017/texmf-dist/fonts/type1/public/amsfonts/cm/cmti12.pfb
></usr/local/texlive/2017/texmf-dist/fonts/type1/public/amsfonts/cm/cmti8.pfb><
/usr/local/texlive/2017/texmf-dist/fonts/type1/public/amsfonts/cm/cmti9.pfb></u
sr/local/texlive/2017/texmf-dist/fonts/type1/public/amsfonts/symbols/msam10.pfb
>
Output written on rotation_paper10.pdf (29 pages, 13056122 bytes).
PDF statistics:
 1276 PDF objects out of 1440 (max. 8388607)
 1131 compressed objects within 12 object streams
 193 named destinations out of 1000 (max. 500000)
 28351 words of extra memory for PDF output out of 29859 (max. 10000000)

