This is pdfTeX, Version 3.14159265-2.6-1.40.18 (TeX Live 2017) (preloaded format=pdflatex 2017.5.23)  10 DEC 2018 16:51
entering extended mode
 restricted \write18 enabled.
 file:line:error style messages enabled.
 %&-line parsing enabled.
**rotation_paper13.tex
(./rotation_paper13.tex
LaTeX2e <2017-04-15>
Babel <3.10> and hyphenation patterns for 84 language(s) loaded.
(./aastex62.cls
Document Class: aastex62 2017/10/16 Version 6.2/AAS markup document class
Class aastex Info: 
 
 Original \LaTeX2.09 style by Chris Biemesderfer (chris@seagoat.com). 
 Adapted to \LaTeXe by A. Ogawa (ogawa@teleport.com)
 emulateapj.cls included, Copyright 2000-2015 Alexey Vikhlinin 
 Rewrite and update of emulateapj.cls, revised and enhanced with table macros, 
gridlines, draft watermark,
 track changes, new `modern' style and much more, by Amy Hendrickson,
 (amyh@texnology.com, http://www.texnology.com) 
 
  on input line 105.
\bibbaselineskip=\skip41
(/usr/local/texlive/2017/texmf-dist/tex/latex/revtex/revtex4-1.cls
Document Class: revtex4-1 2010/07/25/20:33:00 4.1r (http://publish.aps.org/revt
ex4/ for documentation)
 Copyright (c) 2009 The American Physical Society.
 mailto:revtex@aps.org
 Licensed under the LPPL:
http://www.ctan.org/tex-archive/macros/latex/base/lppl.txt
 Arthur Ogawa <arthur_ogawa at sbcglobal dot net>
 Based on work by David Carlisle <david at dcarlisle.demon.co.uk>.
ltxutil[2010/07/25/20:33:00 4.1r utilities package (portions licensed from W. E
. Baxter web at superscript.com)]
LaTeX Info: Redefining \@centercr on input line 308.
Class revtex4-1 Info: Repairing broken LaTeX eqnarray on input line 358.
\eqncolsep=\skip42
Class revtex4-1 Info: Repairing hyperref-unfriendly LaTeX definition of \mpfoot
note on input line 433.
Class revtex4-1 Info: Repairing broken LateX \@sect on input line 755.
\intertabularlinepenalty=\count79
\@tbpen=\count80
\@arstrutbox@hline=\box26
Class revtex4-1 Info: Repairing broken LaTeX \@xbitor on input line 1786.
Class revtex4-1 Info: Making \typeout \long on input line 2046.
ltxfront[2010/07/25/20:33:00 4.1r frontmatter package (AO,DPC)]
\c@affil=\count81
\c@collab=\count82
\absbox=\box27
ltxgrid[2010/07/25/20:33:00 4.1r page grid package (portions licensed from W. E
. Baxter web at superscript.com)]
\c@linecount=\count83
\output@latex=\toks14
\box@size@1=\box28
\box@size@2=\box29
\@protection@box=\box30
\@topmark@saved=\toks15
\footins@saved=\box31
\footins@recovered=\box32
\column@recovered=\box33
\pagesofar=\box34
\footsofar=\box35
\pagegrid@col=\count84
Class revtex4-1 Info: Overriding \@vspace, \@vspacer, \@no@pgbk, \@newline, and
 \\  on input line 5578.
\c@part=\count85
\c@section=\count86
\c@subsection=\count87
\c@subsubsection=\count88
\c@paragraph=\count89
\c@subparagraph=\count90
\abovecaptionskip=\skip43
\belowcaptionskip=\skip44
\c@figure=\count91
\fbox@1=\box36
\c@table=\count92
\fbox@2=\box37
\c@video=\count93
\fbox@4=\box38
\@bibdataout=\write3
\widetext@top=\box39
\widetext@bot=\box40
Class revtex4-1 Info: Selecting society aps on input line 7542.
(/usr/local/texlive/2017/texmf-dist/tex/latex/revtex/aps4-1.rtx
File: aps4-1 2010/07/25/20:33:00 4.1r (http://publish.aps.org/revtex4/ for docu
mentation)
Class revtex4-1 Info: RevTeX society APS selected on input line 31.
)
Class revtex4-1 Info: Selecting journal pra on input line 7544.
Class revtex4-1 Info: APS journal PRA selected on input line 7545.

(/usr/local/texlive/2017/texmf-dist/tex/latex/revtex/aps10pt4-1.rtx
File: aps10pt4-1 2010/07/25/20:33:00 4.1r (http://publish.aps.org/revtex4/ for 
documentation)
Class revtex4-1 Info: RevTeX pointsize 10pt selected on input line 30.
)
(/usr/local/texlive/2017/texmf-dist/tex/latex/textcase/textcase.sty
Package: textcase 2004/10/07 v0.07 Text only upper/lower case changing (DPC)
)
(/usr/local/texlive/2017/texmf-dist/tex/latex/url/url.sty
\Urlmuskip=\muskip10
Package: url 2013/09/16  ver 3.4  Verb mode for urls, etc.
)
(/usr/local/texlive/2017/texmf-dist/tex/latex/natbib/natbib.sty
Package: natbib 2010/09/13 8.31b (PWD, AO)
\bibhang=\skip45
\bibsep=\skip46
LaTeX Info: Redefining \cite on input line 694.
\c@NAT@ctr=\count94
)
Class revtex4-1 Info: Repairing natbib's \BibitemShut on input line 7549.

(/usr/local/texlive/2017/texmf-dist/tex/latex/revtex/revsymb4-1.sty
Package: revsymb4-1 2010/07/25/20:33:00 4.1r (http://publish.aps.org/revtex4/ f
or documentation)
LaTeX Info: Redefining \REV@mathfrak on input line 119.
))
(/usr/local/texlive/2017/texmf-dist/tex/latex/base/latexsym.sty
Package: latexsym 1998/08/17 v2.2e Standard LaTeX package (lasy symbols)
\symlasy=\mathgroup4
LaTeX Font Info:    Overwriting symbol font `lasy' in version `bold'
(Font)                  U/lasy/m/n --> U/lasy/b/n on input line 52.
)
(/usr/local/texlive/2017/texmf-dist/tex/latex/graphics/graphicx.sty
Package: graphicx 2014/10/28 v1.0g Enhanced LaTeX Graphics (DPC,SPQR)

(/usr/local/texlive/2017/texmf-dist/tex/latex/graphics/keyval.sty
Package: keyval 2014/10/28 v1.15 key=value parser (DPC)
\KV@toks@=\toks16
)
(/usr/local/texlive/2017/texmf-dist/tex/latex/graphics/graphics.sty
Package: graphics 2017/04/14 v1.1b Standard LaTeX Graphics (DPC,SPQR)

(/usr/local/texlive/2017/texmf-dist/tex/latex/graphics/trig.sty
Package: trig 2016/01/03 v1.10 sin cos tan (DPC)
)
(/usr/local/texlive/2017/texmf-dist/tex/latex/graphics-cfg/graphics.cfg
File: graphics.cfg 2016/06/04 v1.11 sample graphics configuration
)
Package graphics Info: Driver file: pdftex.def on input line 99.

(/usr/local/texlive/2017/texmf-dist/tex/latex/graphics-def/pdftex.def
File: pdftex.def 2017/01/12 v0.06k Graphics/color for pdfTeX

(/usr/local/texlive/2017/texmf-dist/tex/generic/oberdiek/infwarerr.sty
Package: infwarerr 2016/05/16 v1.4 Providing info/warning/error messages (HO)
)
(/usr/local/texlive/2017/texmf-dist/tex/generic/oberdiek/ltxcmds.sty
Package: ltxcmds 2016/05/16 v1.23 LaTeX kernel commands for general use (HO)
)
\Gread@gobject=\count95
))
\Gin@req@height=\dimen102
\Gin@req@width=\dimen103
)
(/usr/local/texlive/2017/texmf-dist/tex/latex/amsfonts/amssymb.sty
Package: amssymb 2013/01/14 v3.01 AMS font symbols

(/usr/local/texlive/2017/texmf-dist/tex/latex/amsfonts/amsfonts.sty
Package: amsfonts 2013/01/14 v3.01 Basic AMSFonts support
\@emptytoks=\toks17
\symAMSa=\mathgroup5
\symAMSb=\mathgroup6
LaTeX Font Info:    Overwriting math alphabet `\mathfrak' in version `bold'
(Font)                  U/euf/m/n --> U/euf/b/n on input line 106.
LaTeX Info: Redefining \frak on input line 111.
LaTeX Info: Redefining \Bbb on input line 113.
))
(/usr/local/texlive/2017/texmf-dist/tex/generic/epsf/epsf.sty
This is `epsf.tex' v2.7.4 <14 February 2011>
\epsffilein=\read1
\epsfframemargin=\dimen104
\epsfframethickness=\dimen105
\epsfrsize=\dimen106
\epsftmp=\dimen107
\epsftsize=\dimen108
\epsfxsize=\dimen109
\epsfysize=\dimen110
\pspoints=\dimen111
)
\rptnum=\count96
\rptloopnum=\count97
\fncount=\count98
\endfncount=\count99
\c@front@matter@foot@note=\count100
\keys@width=\skip47
\c@lastfootnote=\count101
\c@remember@figure@num=\count102
\c@remember@table@num=\count103
\bibskip=\skip48
\bibindent=\dimen112
\plot@width=\skip49
\c@table@save=\count104
\@abovenoteskip=\dimen113
\table@note@skip=\skip50
\deluxe@table@width=\skip51
\@d@t@a=\skip52
\c@deluxe@table@num=\count105
\LTcapwidth=\dimen114
\abovedeluxetableskip=\skip53
\belowdeluxetableskip=\skip54
\lastrowheight=\dimen115
\DT@p@ftn=\toks18
\pt@column=\count106
\pt@ncol=\count107
 (/usr/local/texlive/2017/texmf-dist/tex/latex/tools/longtable.sty
Package: longtable 2014/10/28 v4.11 Multi-page Table package (DPC)
\LTleft=\skip55
\LTright=\skip56
\LTpre=\skip57
\LTpost=\skip58
\LTchunksize=\count108
\LTcapwidth=\dimen116
\LT@head=\box41
\LT@firsthead=\box42
\LT@foot=\box43
\LT@lastfoot=\box44
\LT@cols=\count109
\LT@rows=\count110
\c@LT@tables=\count111
\c@LT@chunks=\count112
\LT@p@ftn=\toks19
)
(/usr/local/texlive/2017/texmf-dist/tex/latex/xcolor/xcolor.sty
Package: xcolor 2016/05/11 v2.12 LaTeX color extensions (UK)

(/usr/local/texlive/2017/texmf-dist/tex/latex/graphics-cfg/color.cfg
File: color.cfg 2016/01/02 v1.6 sample color configuration
)
Package xcolor Info: Driver file: pdftex.def on input line 225.
Package xcolor Info: Model `cmy' substituted by `cmy0' on input line 1348.
Package xcolor Info: Model `hsb' substituted by `rgb' on input line 1352.
Package xcolor Info: Model `RGB' extended on input line 1364.
Package xcolor Info: Model `HTML' substituted by `rgb' on input line 1366.
Package xcolor Info: Model `Hsb' substituted by `hsb' on input line 1367.
Package xcolor Info: Model `tHsb' substituted by `hsb' on input line 1368.
Package xcolor Info: Model `HSB' substituted by `hsb' on input line 1369.
Package xcolor Info: Model `Gray' substituted by `gray' on input line 1370.
Package xcolor Info: Model `wave' substituted by `hsb' on input line 1371.
)
(/usr/local/texlive/2017/texmf-dist/tex/latex/hyperref/hyperref.sty
Package: hyperref 2017/03/14 v6.85a Hypertext links for LaTeX

(/usr/local/texlive/2017/texmf-dist/tex/generic/oberdiek/hobsub-hyperref.sty
Package: hobsub-hyperref 2016/05/16 v1.14 Bundle oberdiek, subset hyperref (HO)


(/usr/local/texlive/2017/texmf-dist/tex/generic/oberdiek/hobsub-generic.sty
Package: hobsub-generic 2016/05/16 v1.14 Bundle oberdiek, subset generic (HO)
Package: hobsub 2016/05/16 v1.14 Construct package bundles (HO)
Package hobsub Info: Skipping package `infwarerr' (already loaded).
Package hobsub Info: Skipping package `ltxcmds' (already loaded).
Package: ifluatex 2016/05/16 v1.4 Provides the ifluatex switch (HO)
Package ifluatex Info: LuaTeX not detected.
Package: ifvtex 2016/05/16 v1.6 Detect VTeX and its facilities (HO)
Package ifvtex Info: VTeX not detected.
Package: intcalc 2016/05/16 v1.2 Expandable calculations with integers (HO)
Package: ifpdf 2017/03/15 v3.2 Provides the ifpdf switch
Package: etexcmds 2016/05/16 v1.6 Avoid name clashes with e-TeX commands (HO)
Package etexcmds Info: Could not find \expanded.
(etexcmds)             That can mean that you are not using pdfTeX 1.50 or
(etexcmds)             that some package has redefined \expanded.
(etexcmds)             In the latter case, load this package earlier.
Package: kvsetkeys 2016/05/16 v1.17 Key value parser (HO)
Package: kvdefinekeys 2016/05/16 v1.4 Define keys (HO)
Package: pdftexcmds 2017/03/19 v0.25 Utility functions of pdfTeX for LuaTeX (HO
)
Package pdftexcmds Info: LuaTeX not detected.
Package pdftexcmds Info: \pdf@primitive is available.
Package pdftexcmds Info: \pdf@ifprimitive is available.
Package pdftexcmds Info: \pdfdraftmode found.
Package: pdfescape 2016/05/16 v1.14 Implements pdfTeX's escape features (HO)
Package: bigintcalc 2016/05/16 v1.4 Expandable calculations on big integers (HO
)
Package: bitset 2016/05/16 v1.2 Handle bit-vector datatype (HO)
Package: uniquecounter 2016/05/16 v1.3 Provide unlimited unique counter (HO)
)
Package hobsub Info: Skipping package `hobsub' (already loaded).
Package: letltxmacro 2016/05/16 v1.5 Let assignment for LaTeX macros (HO)
Package: hopatch 2016/05/16 v1.3 Wrapper for package hooks (HO)
Package: xcolor-patch 2016/05/16 xcolor patch
Package: atveryend 2016/05/16 v1.9 Hooks at the very end of document (HO)
Package: atbegshi 2016/06/09 v1.18 At begin shipout hook (HO)
Package: refcount 2016/05/16 v3.5 Data extraction from label references (HO)
Package: hycolor 2016/05/16 v1.8 Color options for hyperref/bookmark (HO)
)
(/usr/local/texlive/2017/texmf-dist/tex/generic/ifxetex/ifxetex.sty
Package: ifxetex 2010/09/12 v0.6 Provides ifxetex conditional
)
(/usr/local/texlive/2017/texmf-dist/tex/latex/oberdiek/auxhook.sty
Package: auxhook 2016/05/16 v1.4 Hooks for auxiliary files (HO)
)
(/usr/local/texlive/2017/texmf-dist/tex/latex/oberdiek/kvoptions.sty
Package: kvoptions 2016/05/16 v3.12 Key value format for package options (HO)
)
\@linkdim=\dimen117
\Hy@linkcounter=\count113
\Hy@pagecounter=\count114

(/usr/local/texlive/2017/texmf-dist/tex/latex/hyperref/pd1enc.def
File: pd1enc.def 2017/03/14 v6.85a Hyperref: PDFDocEncoding definition (HO)
)
\Hy@SavedSpaceFactor=\count115

(/usr/local/texlive/2017/texmf-dist/tex/latex/latexconfig/hyperref.cfg
File: hyperref.cfg 2002/06/06 v1.2 hyperref configuration of TeXLive
)
Package hyperref Info: Option `bookmarks' set `false' on input line 4374.
Package hyperref Info: Option `pdfnewwindow' set `true' on input line 4374.
Package hyperref Info: Option `colorlinks' set `true' on input line 4374.
Package hyperref Info: Option `final' set `true' on input line 4374.
Package hyperref Info: Hyper figures OFF on input line 4498.
Package hyperref Info: Link nesting OFF on input line 4503.
Package hyperref Info: Hyper index ON on input line 4506.
Package hyperref Info: Plain pages OFF on input line 4513.
Package hyperref Info: Backreferencing OFF on input line 4518.
Package hyperref Info: Implicit mode ON; LaTeX internals redefined.
Package hyperref Info: Bookmarks OFF on input line 4757.
LaTeX Info: Redefining \href on input line 5015.
\c@Hy@tempcnt=\count116
LaTeX Info: Redefining \url on input line 5104.
\XeTeXLinkMargin=\dimen118
\Fld@menulength=\count117
\Field@Width=\dimen119
\Fld@charsize=\dimen120
Package hyperref Info: Hyper figures OFF on input line 6358.
Package hyperref Info: Link nesting OFF on input line 6363.
Package hyperref Info: Hyper index ON on input line 6366.
Package hyperref Info: backreferencing OFF on input line 6373.
Package hyperref Info: Link coloring ON on input line 6376.
Package hyperref Info: Link coloring with OCG OFF on input line 6383.
Package hyperref Info: PDF/A mode OFF on input line 6388.
LaTeX Info: Redefining \ref on input line 6428.
LaTeX Info: Redefining \pageref on input line 6432.
\Hy@abspage=\count118
\c@Item=\count119
\c@Hfootnote=\count120
)

Package hyperref Message: Driver (autodetected): hpdftex.

(/usr/local/texlive/2017/texmf-dist/tex/latex/hyperref/hpdftex.def
File: hpdftex.def 2017/03/14 v6.85a Hyperref driver for pdfTeX
\Fld@listcount=\count121
\c@bookmark@seq@number=\count122

(/usr/local/texlive/2017/texmf-dist/tex/latex/oberdiek/rerunfilecheck.sty
Package: rerunfilecheck 2016/05/16 v1.8 Rerun checks for auxiliary files (HO)
Package uniquecounter Info: New unique counter `rerunfilecheck' on input line 2
82.
)
\Hy@SectionHShift=\skip59
)
(/usr/local/texlive/2017/texmf-dist/tex/latex/tools/array.sty
Package: array 2016/10/06 v2.4d Tabular extension package (FMi)
\col@sep=\dimen121
\extrarowheight=\dimen122
\NC@list=\toks20
\extratabsurround=\skip60
\backup@length=\skip61
)
\colcount=\count123
\firstcolcount=\count124
\secondcolcount=\count125
\thirdcolcount=\count126
\columncount=\count127
\howmanyDs=\count128
\firsthowmanyDs=\count129
\secondhowmanyDs=\count130
\PartsOfTable=\count131
\columnoneandtwo=\count132
\colnumsused=\count133
\loopnum=\count134
\totalcolumncount=\count135
\totalcolumns=\count136
\firsttablebox=\box45
\secondtablebox=\box46
\thirdtablebox=\box47
\longtablebox=\box48
\splitbox=\box49
\movetabledown=\dimen123
\maxtablewidth=\dimen124
\savetabskip=\dimen125
\tempcounter=\count137
\colheadcount=\count138
\rotatetablebox=\box50
\colorcount=\count139
\refchangenumber=\count140
\listchangenum=\count141

(/usr/local/texlive/2017/texmf-dist/tex/generic/ulem/ulem.sty
\UL@box=\box51
\UL@hyphenbox=\box52
\UL@skip=\skip62
\UL@hook=\toks21
\UL@height=\dimen126
\UL@pe=\count142
\UL@pixel=\dimen127
\ULC@box=\box53
Package: ulem 2012/05/18
\ULdepth=\dimen128
)
\AuthorCollaborationLimit=\count143
\largestAffilNum=\count144
\countauthors=\count145
\c@affilcount=\count146
\widetext@top=\box54
\widetext@bot=\box55
)
(/usr/local/texlive/2017/texmf-dist/tex/latex/subfigure/subfigure.sty
Package: subfigure 2002/03/15 v2.1.5 subfigure package
\subfigtopskip=\skip63
\subfigcapskip=\skip64
\subfigcaptopadj=\dimen129
\subfigbottomskip=\skip65
\subfigcapmargin=\dimen130
\subfiglabelskip=\skip66
\c@subfigure=\count147
\c@lofdepth=\count148
\c@subtable=\count149
\c@lotdepth=\count150

****************************************
* Local config file subfigure.cfg used *
****************************************
(/usr/local/texlive/2017/texmf-dist/tex/latex/subfigure/subfigure.cfg)
\subfig@top=\skip67
\subfig@bottom=\skip68
)
(/usr/local/texlive/2017/texmf-dist/tex/latex/amsmath/amsmath.sty
Package: amsmath 2016/11/05 v2.16a AMS math features
\@mathmargin=\skip69

For additional information on amsmath, use the `?' option.
(/usr/local/texlive/2017/texmf-dist/tex/latex/amsmath/amstext.sty
Package: amstext 2000/06/29 v2.01 AMS text

(/usr/local/texlive/2017/texmf-dist/tex/latex/amsmath/amsgen.sty
File: amsgen.sty 1999/11/30 v2.0 generic functions
\@emptytoks=\toks22
\ex@=\dimen131
)
LaTeX Info: Redefining \text on input line 28.
)
(/usr/local/texlive/2017/texmf-dist/tex/latex/amsmath/amsbsy.sty
Package: amsbsy 1999/11/29 v1.2d Bold Symbols
\pmbraise@=\dimen132
)
(/usr/local/texlive/2017/texmf-dist/tex/latex/amsmath/amsopn.sty
Package: amsopn 2016/03/08 v2.02 operator names
)
\inf@bad=\count151
LaTeX Info: Redefining \frac on input line 213.
\uproot@=\count152
\leftroot@=\count153
LaTeX Info: Redefining \overline on input line 375.
\classnum@=\count154
\DOTSCASE@=\count155
LaTeX Info: Redefining \ldots on input line 472.
LaTeX Info: Redefining \dots on input line 475.
LaTeX Info: Redefining \cdots on input line 596.
\Mathstrutbox@=\box56
\strutbox@=\box57
\big@size=\dimen133
LaTeX Font Info:    Redeclaring font encoding OML on input line 712.
LaTeX Font Info:    Redeclaring font encoding OMS on input line 713.
\macc@depth=\count156
\c@MaxMatrixCols=\count157
\dotsspace@=\muskip11
\c@parentequation=\count158
\dspbrk@lvl=\count159
\tag@help=\toks23
\row@=\count160
\column@=\count161
\maxfields@=\count162
\andhelp@=\toks24
\eqnshift@=\dimen134
\alignsep@=\dimen135
\tagshift@=\dimen136
\tagwidth@=\dimen137
\totwidth@=\dimen138
\lineht@=\dimen139
\@envbody=\toks25
\multlinegap=\skip70
\multlinetaggap=\skip71
\mathdisplay@stack=\toks26
LaTeX Info: Redefining \[ on input line 2817.
LaTeX Info: Redefining \] on input line 2818.
)
(/usr/local/texlive/2017/texmf-dist/tex/latex/breakcites/breakcites.sty)
(/usr/local/texlive/2017/texmf-dist/tex/latex/microtype/microtype.sty
Package: microtype 2016/05/14 v2.6a Micro-typographical refinements (RS)
\MT@toks=\toks27
\MT@count=\count163
LaTeX Info: Redefining \textls on input line 774.
\MT@outer@kern=\dimen140
LaTeX Info: Redefining \textmicrotypecontext on input line 1310.
\MT@listname@count=\count164

(/usr/local/texlive/2017/texmf-dist/tex/latex/microtype/microtype-pdftex.def
File: microtype-pdftex.def 2016/05/14 v2.6a Definitions specific to pdftex (RS)

LaTeX Info: Redefining \lsstyle on input line 916.
LaTeX Info: Redefining \lslig on input line 916.
\MT@outer@space=\skip72
)
Package microtype Info: Loading configuration file microtype.cfg.

(/usr/local/texlive/2017/texmf-dist/tex/latex/microtype/microtype.cfg
File: microtype.cfg 2016/05/14 v2.6a microtype main configuration file (RS)
))
Class revtex4-1 Info: Unrecognized array package. Please update this document c
lass! (Proceeding with fingers crossed.) on input line 45.
Class revtex4-1 Info: Patching unrecognized longtable package. (Proceeding with
 fingers crossed) on input line 45.
Class revtex4-1 Info: Robustifying \LaTeX's \boldmath command on input line 45.

Class revtex4-1 Info: cite was not loaded (OK!) on input line 45.
Class revtex4-1 Info: mcite was not loaded (OK!) on input line 45.
Class revtex4-1 Info: multicol was not loaded (OK!) on input line 45.

(./rotation_paper13.aux

LaTeX Warning: Label `tab:params' multiply defined.


LaTeX Warning: Label `Lstar_fraction' multiply defined.


LaTeX Warning: Label `b_vs_dv2' multiply defined.

)
\openout1 = `rotation_paper13.aux'.

LaTeX Font Info:    Checking defaults for OML/cmm/m/it on input line 45.
LaTeX Font Info:    ... okay on input line 45.
LaTeX Font Info:    Checking defaults for T1/cmr/m/n on input line 45.
LaTeX Font Info:    ... okay on input line 45.
LaTeX Font Info:    Checking defaults for OT1/cmr/m/n on input line 45.
LaTeX Font Info:    ... okay on input line 45.
LaTeX Font Info:    Checking defaults for OMS/cmsy/m/n on input line 45.
LaTeX Font Info:    ... okay on input line 45.
LaTeX Font Info:    Checking defaults for OMX/cmex/m/n on input line 45.
LaTeX Font Info:    ... okay on input line 45.
LaTeX Font Info:    Checking defaults for U/cmr/m/n on input line 45.
LaTeX Font Info:    ... okay on input line 45.
LaTeX Font Info:    Checking defaults for PD1/pdf/m/n on input line 45.
LaTeX Font Info:    ... okay on input line 45.
 (/usr/local/texlive/2017/texmf-dist/tex/context/base/mkii/supp-pdf.mkii
[Loading MPS to PDF converter (version 2006.09.02).]
\scratchcounter=\count165
\scratchdimen=\dimen141
\scratchbox=\box58
\nofMPsegments=\count166
\nofMParguments=\count167
\everyMPshowfont=\toks28
\MPscratchCnt=\count168
\MPscratchDim=\dimen142
\MPnumerator=\count169
\makeMPintoPDFobject=\count170
\everyMPtoPDFconversion=\toks29
) (/usr/local/texlive/2017/texmf-dist/tex/latex/oberdiek/epstopdf-base.sty
Package: epstopdf-base 2016/05/15 v2.6 Base part for package epstopdf

(/usr/local/texlive/2017/texmf-dist/tex/latex/oberdiek/grfext.sty
Package: grfext 2016/05/16 v1.2 Manage graphics extensions (HO)
)
Package epstopdf-base Info: Redefining graphics rule for `.eps' on input line 4
38.
Package grfext Info: Graphics extension search list:
(grfext)             [.png,.pdf,.jpg,.mps,.jpeg,.jbig2,.jb2,.PNG,.PDF,.JPG,.JPE
G,.JBIG2,.JB2,.eps]
(grfext)             \AppendGraphicsExtensions on input line 456.

(/usr/local/texlive/2017/texmf-dist/tex/latex/latexconfig/epstopdf-sys.cfg
File: epstopdf-sys.cfg 2010/07/13 v1.3 Configuration of (r)epstopdf for TeX Liv
e
))
\AtBeginShipoutBox=\box59
Package hyperref Info: Link coloring ON on input line 45.

(/usr/local/texlive/2017/texmf-dist/tex/latex/hyperref/nameref.sty
Package: nameref 2016/05/21 v2.44 Cross-referencing by name of section

(/usr/local/texlive/2017/texmf-dist/tex/generic/oberdiek/gettitlestring.sty
Package: gettitlestring 2016/05/16 v1.5 Cleanup title references (HO)
)
\c@section@level=\count171
)
LaTeX Info: Redefining \ref on input line 45.
LaTeX Info: Redefining \pageref on input line 45.
LaTeX Info: Redefining \nameref on input line 45.
LaTeX Info: Redefining \microtypecontext on input line 45.
Package microtype Info: Generating PDF output.
Package microtype Info: Character protrusion enabled (level 2).
Package microtype Info: Using default protrusion set `alltext'.
Package microtype Info: Automatic font expansion enabled (level 2),
(microtype)             stretch: 20, shrink: 20, step: 1, non-selected.
Package microtype Info: Using default expansion set `basictext'.
Package microtype Info: No adjustment of tracking.
Package microtype Info: No adjustment of interword spacing.
Package microtype Info: No adjustment of character kerning.

(/usr/local/texlive/2017/texmf-dist/tex/latex/microtype/mt-cmr.cfg
File: mt-cmr.cfg 2013/05/19 v2.2 microtype config. file: Computer Modern Roman 
(RS)
)
LaTeX Font Info:    Try loading font information for U+lasy on input line 63.

(/usr/local/texlive/2017/texmf-dist/tex/latex/base/ulasy.fd
File: ulasy.fd 1998/08/17 v2.2e LaTeX symbol font definitions
)
LaTeX Font Info:    Try loading font information for U+msa on input line 63.

(/usr/local/texlive/2017/texmf-dist/tex/latex/amsfonts/umsa.fd
File: umsa.fd 2013/01/14 v3.01 AMS symbols A
)
(/usr/local/texlive/2017/texmf-dist/tex/latex/microtype/mt-msa.cfg
File: mt-msa.cfg 2006/02/04 v1.1 microtype config. file: AMS symbols (a) (RS)
)
LaTeX Font Info:    Try loading font information for U+msb on input line 63.

(/usr/local/texlive/2017/texmf-dist/tex/latex/amsfonts/umsb.fd
File: umsb.fd 2013/01/14 v3.01 AMS symbols B
)
(/usr/local/texlive/2017/texmf-dist/tex/latex/microtype/mt-msb.cfg
File: mt-msb.cfg 2005/06/01 v1.0 microtype config. file: AMS symbols (b) (RS)
) [1{/usr/local/texlive/2017/texmf-var/fonts/map/pdftex/updmap/pdftex.map}]
Underfull \hbox (badness 10000) detected at line 234
$\OML/cmm/m/it/8 a$
 []

[2] [3]
Underfull \hbox (badness 3088) in paragraph at lines 248--248
[][]| [] [][][][]$\OT1/cmr/m/n/8 (+20) http : / / cars9 . uchicago . edu / soft
ware / python / lm^^Lt / contents .
 []


<figures_final//NGC3633-rotation_curve_nice4.pdf, id=205, 531.90718pt x 387.367
22pt>
File: figures_final//NGC3633-rotation_curve_nice4.pdf Graphic file (type pdf)
 <use figures_final//NGC3633-rotation_curve_nice4.pdf>
Package pdftex.def Info: figures_final//NGC3633-rotation_curve_nice4.pdf used o
n input line 287.
(pdftex.def)             Requested size: 169.32968pt x 123.31577pt.

<figures_final//NGC3633-NFW_fit_Rvir_times3_2.pdf, id=206, 497.15572pt x 379.39
505pt>
File: figures_final//NGC3633-NFW_fit_Rvir_times3_2.pdf Graphic file (type pdf)
 <use figures_final//NGC3633-NFW_fit_Rvir_times3_2.pdf>
Package pdftex.def Info: figures_final//NGC3633-NFW_fit_Rvir_times3_2.pdf used 
on input line 289.
(pdftex.def)             Requested size: 163.68459pt x 124.91129pt.

<figures_final//NGC3633-RX_J1121_2+0326_model_plot4.pdf, id=207, 519.41086pt x 
380.56326pt>
File: figures_final//NGC3633-RX_J1121_2+0326_model_plot4.pdf Graphic file (type
 pdf)
 <use figures_final//NGC3633-RX_J1121_2+0326_model_plot4.pdf>
Package pdftex.def Info: figures_final//NGC3633-RX_J1121_2+0326_model_plot4.pdf
 used on input line 290.
(pdftex.def)             Requested size: 169.83861pt x 124.4365pt.

<figures_final//NGC3633-RX_J1121_2+0326_3Dmodel_plot1_2.pdf, id=208, 455.17293p
t x 521.5731pt>
File: figures_final//NGC3633-RX_J1121_2+0326_3Dmodel_plot1_2.pdf Graphic file (
type pdf)

<use figures_final//NGC3633-RX_J1121_2+0326_3Dmodel_plot1_2.pdf>
Package pdftex.def Info: figures_final//NGC3633-RX_J1121_2+0326_3Dmodel_plot1_2
.pdf used on input line 294.
(pdftex.def)             Requested size: 164.20132pt x 188.15614pt.

<figures_final//NGC3633-RX_J1121_2+0326_3Dmodel_plot2_2.pdf, id=209, 426.56146p
t x 465.53165pt>
File: figures_final//NGC3633-RX_J1121_2+0326_3Dmodel_plot2_2.pdf Graphic file (
type pdf)

<use figures_final//NGC3633-RX_J1121_2+0326_3Dmodel_plot2_2.pdf>
Package pdftex.def Info: figures_final//NGC3633-RX_J1121_2+0326_3Dmodel_plot2_2
.pdf used on input line 295.
(pdftex.def)             Requested size: 164.20132pt x 179.20537pt.

<figures_final//NGC3633-RX_J1121_2+0326_3Dmodel_plot3_2.pdf, id=210, 400.27649p
t x 420.35768pt>
File: figures_final//NGC3633-RX_J1121_2+0326_3Dmodel_plot3_2.pdf Graphic file (
type pdf)

<use figures_final//NGC3633-RX_J1121_2+0326_3Dmodel_plot3_2.pdf>
Package pdftex.def Info: figures_final//NGC3633-RX_J1121_2+0326_3Dmodel_plot3_2
.pdf used on input line 296.
(pdftex.def)             Requested size: 164.20132pt x 172.43756pt.
 [4] [5 <./figures_final//NGC3633-rotation_curve_nice4.pdf> <./figures_final//N
GC3633-NFW_fit_Rvir_times3_2.pdf

pdfTeX warning: /Library/TeX/texbin/pdflatex (file ./figures_final//NGC3633-NFW
_fit_Rvir_times3_2.pdf): PDF inclusion: multiple pdfs with page group included 
in a single page
> <./figures_final//NGC3633-RX_J1121_2+0326_model_plot4.pdf

pdfTeX warning: /Library/TeX/texbin/pdflatex (file ./figures_final//NGC3633-RX_
J1121_2+0326_model_plot4.pdf): PDF inclusion: multiple pdfs with page group inc
luded in a single page
> <./figures_final//NGC3633-RX_J1121_2+0326_3Dmodel_plot1_2.pdf> <./figures_fin
al//NGC3633-RX_J1121_2+0326_3Dmodel_plot2_2.pdf> <./figures_final//NGC3633-RX_J
1121_2+0326_3Dmodel_plot3_2.pdf>]
Overfull \hbox (11.35892pt too wide) in alignment at lines 487--487
 [] [] [] [] [] [] [] [] [] [] [] 
 []


Overfull \hbox (11.35892pt too wide) in alignment at lines 487--487
 [] [] [] [] [] [] [] [] [] [] [] 
 []


Overfull \hbox (11.35892pt too wide) in alignment at lines 487--487
 [] [] [] [] [] [] [] [] [] [] [] 
 []


Overfull \hbox (11.35892pt too wide) in alignment at lines 487--487
 [] [] [] [] [] [] [] [] [] [] [] 
 []


Overfull \hbox (11.35892pt too wide) in alignment at lines 487--487
 [] [] [] [] [] [] [] [] [] [] [] 
 []


Overfull \hbox (11.35892pt too wide) in alignment at lines 487--487
 [] [] [] [] [] [] [] [] [] [] [] 
 []


Overfull \vbox (2.10904pt too high) has occurred while \output is active []


[6]
Overfull \hbox (11.35892pt too wide) in alignment at lines 487--487
 [] [] [] [] [] [] [] [] [] [] [] 
 []


Overfull \hbox (11.35892pt too wide) in alignment at lines 487--487
 [] [] [] [] [] [] [] [] [] [] [] 
 []

[7]
Underfull \hbox (badness 10000) detected at line 491
$\OML/cmm/m/it/7 a$
 []


Underfull \hbox (badness 10000) detected at line 491
$\OML/cmm/m/it/7 b$
 []


Underfull \hbox (badness 10000) detected at line 491
$\OML/cmm/m/it/7 c$
 []

<figures_final//fig2L.pdf, id=414, 510.67065pt x 498.47084pt>
File: figures_final//fig2L.pdf Graphic file (type pdf)

<use figures_final//fig2L.pdf>
Package pdftex.def Info: figures_final//fig2L.pdf used on input line 533.
(pdftex.def)             Requested size: 244.75958pt x 238.9134pt.

<figures_final//fig2R.pdf, id=415, 536.94469pt x 498.47084pt>
File: figures_final//fig2R.pdf Graphic file (type pdf)

<use figures_final//fig2R.pdf>
Package pdftex.def Info: figures_final//fig2R.pdf used on input line 534.
(pdftex.def)             Requested size: 256.55872pt x 238.17561pt.
 [8]
<figures_final//fig3L.pdf, id=427, 510.67065pt x 498.47084pt>
File: figures_final//fig3L.pdf Graphic file (type pdf)

<use figures_final//fig3L.pdf>
Package pdftex.def Info: figures_final//fig3L.pdf used on input line 550.
(pdftex.def)             Requested size: 251.43036pt x 245.42418pt.

<figures_final//fig3R.pdf, id=428, 510.67065pt x 498.47084pt>
File: figures_final//fig3R.pdf Graphic file (type pdf)

<use figures_final//fig3R.pdf>
Package pdftex.def Info: figures_final//fig3R.pdf used on input line 551.
(pdftex.def)             Requested size: 251.43036pt x 245.42418pt.

<figures_final//SALT_corotate_vs_Lstar_velstrict_True_non_True_Lstar_06_minsep_
False_ALLmodel.pdf, id=435, 542.82799pt x 470.55798pt>
File: figures_final//SALT_corotate_vs_Lstar_velstrict_True_non_True_Lstar_06_mi
nsep_False_ALLmodel.pdf Graphic file (type pdf)

<use figures_final//SALT_corotate_vs_Lstar_velstrict_True_non_True_Lstar_06_min
sep_False_ALLmodel.pdf>
Package pdftex.def Info: figures_final//SALT_corotate_vs_Lstar_velstrict_True_n
on_True_Lstar_06_minsep_False_ALLmodel.pdf used on input line 590.
(pdftex.def)             Requested size: 251.43036pt x 217.95995pt.

<figures_final//SALT_corotate_vs_Lstar_minimum_velstrict_True_non_True_Lstar_06
_minsep_False_ALLmodel.pdf, id=436, 542.82799pt x 470.55798pt>
File: figures_final//SALT_corotate_vs_Lstar_minimum_velstrict_True_non_True_Lst
ar_06_minsep_False_ALLmodel.pdf Graphic file (type pdf)

<use figures_final//SALT_corotate_vs_Lstar_minimum_velstrict_True_non_True_Lsta
r_06_minsep_False_ALLmodel.pdf>
Package pdftex.def Info: figures_final//SALT_corotate_vs_Lstar_minimum_velstric
t_True_non_True_Lstar_06_minsep_False_ALLmodel.pdf used on input line 591.
(pdftex.def)             Requested size: 251.43036pt x 217.95995pt.
 [9 <./figures_final//fig2L.pdf> <./figures_final//fig2R.pdf

pdfTeX warning: /Library/TeX/texbin/pdflatex (file ./figures_final//fig2R.pdf):
 PDF inclusion: multiple pdfs with page group included in a single page
>] [10 <./figures_final//fig3L.pdf> <./figures_final//fig3R.pdf

pdfTeX warning: /Library/TeX/texbin/pdflatex (file ./figures_final//fig3R.pdf):
 PDF inclusion: multiple pdfs with page group included in a single page
>] [11 <./figures_final//SALT_corotate_vs_Lstar_velstrict_True_non_True_Lstar_0
6_minsep_False_ALLmodel.pdf> <./figures_final//SALT_corotate_vs_Lstar_minimum_v
elstrict_True_non_True_Lstar_06_minsep_False_ALLmodel.pdf

pdfTeX warning: /Library/TeX/texbin/pdflatex (file ./figures_final//SALT_corota
te_vs_Lstar_minimum_velstrict_True_non_True_Lstar_06_minsep_False_ALLmodel.pdf)
: PDF inclusion: multiple pdfs with page group included in a single page
>]
<figures_final//SALT_bhist_NFW_velstrict_True_non_True_Lstar_06_minsep_False_fi
ts_True.pdf, id=596, 496.20872pt x 499.36682pt>
File: figures_final//SALT_bhist_NFW_velstrict_True_non_True_Lstar_06_minsep_Fal
se_fits_True.pdf Graphic file (type pdf)

<use figures_final//SALT_bhist_NFW_velstrict_True_non_True_Lstar_06_minsep_Fals
e_fits_True.pdf>
Package pdftex.def Info: figures_final//SALT_bhist_NFW_velstrict_True_non_True_
Lstar_06_minsep_False_fits_True.pdf used on input line 661.
(pdftex.def)             Requested size: 229.18391pt x 230.64113pt.

<figures_final//SALT_b_vs_dv_NFW_velstrict_True_non_True_Lstar_06_minsep_False_
fits_True.pdf, id=597, 515.79553pt x 499.36682pt>
File: figures_final//SALT_b_vs_dv_NFW_velstrict_True_non_True_Lstar_06_minsep_F
alse_fits_True.pdf Graphic file (type pdf)

<use figures_final//SALT_b_vs_dv_NFW_velstrict_True_non_True_Lstar_06_minsep_Fa
lse_fits_True.pdf>
Package pdftex.def Info: figures_final//SALT_b_vs_dv_NFW_velstrict_True_non_Tru
e_Lstar_06_minsep_False_fits_True.pdf used on input line 662.
(pdftex.def)             Requested size: 229.18391pt x 221.88608pt.

Overfull \hbox (2.11273pt too wide) in paragraph at lines 703--705
[]\OT1/cmr/m/n/10 (-20) We have pre-sented com-pli-men-tary COS Ly$\OML/cmm/m/i
t/10 $ \OT1/cmr/m/n/10 (-20) absorption-
 []

[12 <./figures_final//SALT_bhist_NFW_velstrict_True_non_True_Lstar_06_minsep_Fa
lse_fits_True.pdf> <./figures_final//SALT_b_vs_dv_NFW_velstrict_True_non_True_L
star_06_minsep_False_fits_True.pdf

pdfTeX warning: /Library/TeX/texbin/pdflatex (file ./figures_final//SALT_b_vs_d
v_NFW_velstrict_True_non_True_Lstar_06_minsep_False_fits_True.pdf): PDF inclusi
on: multiple pdfs with page group included in a single page
>] [13] (./rotation_paper13.bbl [14]) [15]
<figures_final//CGCG039-137-rotation_curve_nice4.pdf, id=674, 531.90718pt x 387
.36722pt>
File: figures_final//CGCG039-137-rotation_curve_nice4.pdf Graphic file (type pd
f)
 <use figures_final//CGCG039-137-rotation_curve_nice4.pdf>
Package pdftex.def Info: figures_final//CGCG039-137-rotation_curve_nice4.pdf us
ed on input line 764.
(pdftex.def)             Requested size: 277.07996pt x 201.79266pt.

<figures_final//CGCG039-137_FindingChart_edit.jpg, id=675, 606.265pt x 542.025p
t>
File: figures_final//CGCG039-137_FindingChart_edit.jpg Graphic file (type jpg)
 <use figures_final//CGCG039-137_FindingChart_edit.jpg>
Package pdftex.def Info: figures_final//CGCG039-137_FindingChart_edit.jpg used 
on input line 765.
(pdftex.def)             Requested size: 230.90128pt x 206.43478pt.

<figures_final//ESO343-G014-rotation_curve_nice4.pdf, id=676, 531.90718pt x 387
.21706pt>
File: figures_final//ESO343-G014-rotation_curve_nice4.pdf Graphic file (type pd
f)
 <use figures_final//ESO343-G014-rotation_curve_nice4.pdf>
Package pdftex.def Info: figures_final//ESO343-G014-rotation_curve_nice4.pdf us
ed on input line 777.
(pdftex.def)             Requested size: 277.07996pt x 201.71443pt.

<figures_final//ESO343-G014_FindingChart_edit.jpg, id=677, 637.38126pt x 542.02
5pt>
File: figures_final//ESO343-G014_FindingChart_edit.jpg Graphic file (type jpg)
 <use figures_final//ESO343-G014_FindingChart_edit.jpg>
Package pdftex.def Info: figures_final//ESO343-G014_FindingChart_edit.jpg used 
on input line 778.
(pdftex.def)             Requested size: 230.90128pt x 196.35289pt.
 [16 <./figures_final//CGCG039-137-rotation_curve_nice4.pdf> <./figures_final//
CGCG039-137_FindingChart_edit.jpg>]
<figures_final//IC5325-rotation_curve_nice4.pdf, id=708, 531.90718pt x 387.3672
2pt>
File: figures_final//IC5325-rotation_curve_nice4.pdf Graphic file (type pdf)
 <use figures_final//IC5325-rotation_curve_nice4.pdf>
Package pdftex.def Info: figures_final//IC5325-rotation_curve_nice4.pdf used on
 input line 790.
(pdftex.def)             Requested size: 277.07996pt x 201.79266pt.

<figures_final//IC5325_FindingChart_edit.jpg, id=709, 616.3025pt x 542.025pt>
File: figures_final//IC5325_FindingChart_edit.jpg Graphic file (type jpg)

<use figures_final//IC5325_FindingChart_edit.jpg>
Package pdftex.def Info: figures_final//IC5325_FindingChart_edit.jpg used on in
put line 791.
(pdftex.def)             Requested size: 230.90128pt x 203.06865pt.

<figures_final//MCG-03-58-009-rotation_curve_nice4.pdf, id=710, 531.90718pt x 3
87.36722pt>
File: figures_final//MCG-03-58-009-rotation_curve_nice4.pdf Graphic file (type 
pdf)
 <use figures_final//MCG-03-58-009-rotation_curve_nice4.pdf>
Package pdftex.def Info: figures_final//MCG-03-58-009-rotation_curve_nice4.pdf 
used on input line 804.
(pdftex.def)             Requested size: 277.07996pt x 201.79266pt.

<figures_final//MCG-03-58-009_FindingChart_edit.jpg, id=711, 608.2725pt x 542.0
25pt>
File: figures_final//MCG-03-58-009_FindingChart_edit.jpg Graphic file (type jpg
)
 <use figures_final//MCG-03-58-009_FindingChart_edit.jpg>
Package pdftex.def Info: figures_final//MCG-03-58-009_FindingChart_edit.jpg use
d on input line 805.
(pdftex.def)             Requested size: 230.90128pt x 205.74832pt.
 [17 <./figures_final//ESO343-G014-rotation_curve_nice4.pdf> <./figures_final//
ESO343-G014_FindingChart_edit.jpg>]
<figures_final//NGC1566-rotation_curve_nice4.pdf, id=744, 531.90718pt x 387.367
22pt>
File: figures_final//NGC1566-rotation_curve_nice4.pdf Graphic file (type pdf)
 <use figures_final//NGC1566-rotation_curve_nice4.pdf>
Package pdftex.def Info: figures_final//NGC1566-rotation_curve_nice4.pdf used o
n input line 820.
(pdftex.def)             Requested size: 277.07996pt x 201.79266pt.

<figures_final//NGC1566_FindingChart_edit.jpg, id=745, 611.28375pt x 542.025pt>
File: figures_final//NGC1566_FindingChart_edit.jpg Graphic file (type jpg)
<use figures_final//NGC1566_FindingChart_edit.jpg>
Package pdftex.def Info: figures_final//NGC1566_FindingChart_edit.jpg used on i
nput line 821.
(pdftex.def)             Requested size: 230.90128pt x 204.7393pt.
 [18 <./figures_final//IC5325-rotation_curve_nice4.pdf> <./figures_final//IC532
5_FindingChart_edit.jpg> <./figures_final//MCG-03-58-009-rotation_curve_nice4.p
df

pdfTeX warning: /Library/TeX/texbin/pdflatex (file ./figures_final//MCG-03-58-0
09-rotation_curve_nice4.pdf): PDF inclusion: multiple pdfs with page group incl
uded in a single page
> <./figures_final//MCG-03-58-009_FindingChart_edit.jpg>]
<figures_final//NGC3513-rotation_curve_nice4.pdf, id=797, 531.90718pt x 387.367
22pt>
File: figures_final//NGC3513-rotation_curve_nice4.pdf Graphic file (type pdf)
 <use figures_final//NGC3513-rotation_curve_nice4.pdf>
Package pdftex.def Info: figures_final//NGC3513-rotation_curve_nice4.pdf used o
n input line 833.
(pdftex.def)             Requested size: 277.07996pt x 201.79266pt.

<figures_final//NGC3513_Finding_chart_edit.jpg, id=798, 611.28375pt x 542.025pt
>
File: figures_final//NGC3513_Finding_chart_edit.jpg Graphic file (type jpg)
 <use figures_final//NGC3513_Finding_chart_edit.jpg>
Package pdftex.def Info: figures_final//NGC3513_Finding_chart_edit.jpg used on 
input line 834.
(pdftex.def)             Requested size: 230.90128pt x 204.7393pt.
File: figures_final//NGC3633-rotation_curve_nice4.pdf Graphic file (type pdf)

<use figures_final//NGC3633-rotation_curve_nice4.pdf>
Package pdftex.def Info: figures_final//NGC3633-rotation_curve_nice4.pdf used o
n input line 849.
(pdftex.def)             Requested size: 277.07996pt x 201.79266pt.

<figures_final//NGC3633_FindingChart_edit.jpg, id=799, 604.2575pt x 542.025pt>
File: figures_final//NGC3633_FindingChart_edit.jpg Graphic file (type jpg)

<use figures_final//NGC3633_FindingChart_edit.jpg>
Package pdftex.def Info: figures_final//NGC3633_FindingChart_edit.jpg used on i
nput line 850.
(pdftex.def)             Requested size: 230.90128pt x 207.12125pt.
 [19 <./figures_final//NGC1566-rotation_curve_nice4.pdf> <./figures_final//NGC1
566_FindingChart_edit.jpg>]
[20 <./figures_final//NGC3513-rotation_curve_nice4.pdf> <./figures_final//NGC35
13_Finding_chart_edit.jpg> <./figures_final//NGC3633_FindingChart_edit.jpg>]
<figures_final//NGC4536-rotation_curve_nice4.pdf, id=864, 531.90718pt x 387.367
22pt>
File: figures_final//NGC4536-rotation_curve_nice4.pdf Graphic file (type pdf)
 <use figures_final//NGC4536-rotation_curve_nice4.pdf>
Package pdftex.def Info: figures_final//NGC4536-rotation_curve_nice4.pdf used o
n input line 866.
(pdftex.def)             Requested size: 277.07996pt x 201.79266pt.

<figures_final//NGC4536_FindingChart_edit.jpg, id=865, 609.27625pt x 542.025pt>
File: figures_final//NGC4536_FindingChart_edit.jpg Graphic file (type jpg)
<use figures_final//NGC4536_FindingChart_edit.jpg>
Package pdftex.def Info: figures_final//NGC4536_FindingChart_edit.jpg used on i
nput line 867.
(pdftex.def)             Requested size: 230.90128pt x 205.4175pt.

<figures_final//NGC4939-rotation_curve_nice4.pdf, id=866, 531.90718pt x 387.367
22pt>
File: figures_final//NGC4939-rotation_curve_nice4.pdf Graphic file (type pdf)
 <use figures_final//NGC4939-rotation_curve_nice4.pdf>
Package pdftex.def Info: figures_final//NGC4939-rotation_curve_nice4.pdf used o
n input line 881.
(pdftex.def)             Requested size: 277.07996pt x 201.79266pt.

<figures_final//NGC4939_FindingChart_edit.jpg, id=867, 602.25pt x 542.025pt>
File: figures_final//NGC4939_FindingChart_edit.jpg Graphic file (type jpg)

<use figures_final//NGC4939_FindingChart_edit.jpg>
Package pdftex.def Info: figures_final//NGC4939_FindingChart_edit.jpg used on i
nput line 882.
(pdftex.def)             Requested size: 230.90128pt x 207.81598pt.

<figures_final//NGC5364-rotation_curve_nice4.pdf, id=868, 531.90718pt x 387.367
22pt>
File: figures_final//NGC5364-rotation_curve_nice4.pdf Graphic file (type pdf)
 <use figures_final//NGC5364-rotation_curve_nice4.pdf>
Package pdftex.def Info: figures_final//NGC5364-rotation_curve_nice4.pdf used o
n input line 895.
(pdftex.def)             Requested size: 277.07996pt x 201.79266pt.

<figures_final//NGC5364_FindingChart_edit.jpg, id=869, 604.2575pt x 542.025pt>
File: figures_final//NGC5364_FindingChart_edit.jpg Graphic file (type jpg)

<use figures_final//NGC5364_FindingChart_edit.jpg>
Package pdftex.def Info: figures_final//NGC5364_FindingChart_edit.jpg used on i
nput line 896.
(pdftex.def)             Requested size: 230.90128pt x 207.12125pt.

<figures_final//NGC5786-rotation_curve_nice4.pdf, id=870, 531.90718pt x 387.367
22pt>
File: figures_final//NGC5786-rotation_curve_nice4.pdf Graphic file (type pdf)
 <use figures_final//NGC5786-rotation_curve_nice4.pdf>
Package pdftex.def Info: figures_final//NGC5786-rotation_curve_nice4.pdf used o
n input line 908.
(pdftex.def)             Requested size: 277.07996pt x 201.79266pt.

<figures_final//NGC5786_FindingChart_edit.jpg, id=871, 607.26875pt x 542.025pt>
File: figures_final//NGC5786_FindingChart_edit.jpg Graphic file (type jpg)
<use figures_final//NGC5786_FindingChart_edit.jpg>
Package pdftex.def Info: figures_final//NGC5786_FindingChart_edit.jpg used on i
nput line 909.
(pdftex.def)             Requested size: 230.90128pt x 206.08742pt.
 [21 <./figures_final//NGC4536-rotation_curve_nice4.pdf> <./figures_final//NGC4
536_FindingChart_edit.jpg>]
[22 <./figures_final//NGC4939-rotation_curve_nice4.pdf> <./figures_final//NGC49
39_FindingChart_edit.jpg> <./figures_final//NGC5364-rotation_curve_nice4.pdf

pdfTeX warning: /Library/TeX/texbin/pdflatex (file ./figures_final//NGC5364-rot
ation_curve_nice4.pdf): PDF inclusion: multiple pdfs with page group included i
n a single page
> <./figures_final//NGC5364_FindingChart_edit.jpg>]
<figures_final//UGC09760-rotation_curve_nice4.pdf, id=958, 531.90718pt x 387.36
722pt>
File: figures_final//UGC09760-rotation_curve_nice4.pdf Graphic file (type pdf)
 <use figures_final//UGC09760-rotation_curve_nice4.pdf>
Package pdftex.def Info: figures_final//UGC09760-rotation_curve_nice4.pdf used 
on input line 925.
(pdftex.def)             Requested size: 277.07996pt x 201.79266pt.

<figures_final//UGC09760_FindingChart_edit.jpg, id=959, 604.2575pt x 542.025pt>
File: figures_final//UGC09760_FindingChart_edit.jpg Graphic file (type jpg)
<use figures_final//UGC09760_FindingChart_edit.jpg>
Package pdftex.def Info: figures_final//UGC09760_FindingChart_edit.jpg used on 
input line 926.
(pdftex.def)             Requested size: 230.90128pt x 207.12125pt.
 [23 <./figures_final//NGC5786-rotation_curve_nice4.pdf> <./figures_final//NGC5
786_FindingChart_edit.jpg>]

LaTeX Font Warning: Command \scriptsize invalid in math mode on input line 955.



LaTeX Font Warning: Command \sc invalid in math mode on input line 957.

[24 <./figures_final//UGC09760-rotation_curve_nice4.pdf> <./figures_final//UGC0
9760_FindingChart_edit.jpg>]
Underfull \hbox (badness 10000) in paragraph at lines 976--977

 []

[25]
Underfull \hbox (badness 10000) in paragraph at lines 1014--1015

 []

[26] [27]
Package atveryend Info: Empty hook `AfterLastShipout' on input line 1054.
 (./rotation_paper13.aux)
Package atveryend Info: Executing hook `AtVeryEndDocument' on input line 1054.
Package atveryend Info: Empty hook `AtEndAfterFileList' on input line 1054.


LaTeX Warning: There were multiply-defined labels.

 )
(\end occurred when \ifx on line 99 was incomplete)
(\end occurred when \ifx on line 99 was incomplete)
(\end occurred when \ifx on line 99 was incomplete)
(\end occurred when \ifx on line 99 was incomplete)
(\end occurred when \ifx on line 99 was incomplete)
(\end occurred when \ifx on line 96 was incomplete)
(\end occurred when \ifx on line 96 was incomplete)
(\end occurred when \ifx on line 96 was incomplete)
(\end occurred when \ifx on line 96 was incomplete)
(\end occurred when \ifx on line 96 was incomplete)
(\end occurred when \ifx on line 91 was incomplete)
(\end occurred when \ifx on line 91 was incomplete)
(\end occurred when \ifx on line 91 was incomplete)
(\end occurred when \ifx on line 91 was incomplete)
(\end occurred when \ifx on line 91 was incomplete)
(\end occurred when \ifx on line 81 was incomplete)
(\end occurred when \ifx on line 81 was incomplete)
(\end occurred when \ifx on line 81 was incomplete)
(\end occurred when \ifx on line 81 was incomplete)
(\end occurred when \ifx on line 81 was incomplete)
(\end occurred when \ifx on line 81 was incomplete)
(\end occurred when \ifx on line 81 was incomplete)
(\end occurred when \ifx on line 81 was incomplete)
(\end occurred when \ifx on line 81 was incomplete)
(\end occurred when \ifx on line 81 was incomplete)
(\end occurred when \ifx on line 81 was incomplete)
(\end occurred when \ifx on line 81 was incomplete)
(\end occurred when \ifx on line 81 was incomplete)
(\end occurred when \ifx on line 81 was incomplete)
(\end occurred when \ifx on line 81 was incomplete)
(\end occurred when \ifx on line 74 was incomplete)
(\end occurred when \ifx on line 74 was incomplete)
(\end occurred when \ifx on line 74 was incomplete)
(\end occurred when \ifx on line 74 was incomplete)
(\end occurred when \ifx on line 74 was incomplete)
(\end occurred when \ifx on line 74 was incomplete)
(\end occurred when \ifx on line 74 was incomplete)
(\end occurred when \ifx on line 74 was incomplete)
(\end occurred when \ifx on line 74 was incomplete)
(\end occurred when \ifx on line 74 was incomplete)
(\end occurred when \ifx on line 74 was incomplete)
(\end occurred when \ifx on line 74 was incomplete)
(\end occurred when \ifx on line 74 was incomplete)
(\end occurred when \ifx on line 74 was incomplete)
(\end occurred when \ifx on line 74 was incomplete) 
Here is how much of TeX's memory you used:
 11953 strings out of 492995
 177670 string characters out of 6132704
 474347 words of memory out of 5000000
 14947 multiletter control sequences out of 15000+600000
 21798 words of font info for 156 fonts, out of 8000000 for 9000
 1141 hyphenation exceptions out of 8191
 39i,13n,38p,1808b,655s stack positions out of 5000i,500n,10000p,200000b,80000s
</usr/local/texlive/2017/tex
mf-dist/fonts/type1/public/amsfonts/cm/cmbx8.pfb></usr/local/texlive/2017/texmf
-dist/fonts/type1/public/amsfonts/cm/cmbx9.pfb></usr/local/texlive/2017/texmf-d
ist/fonts/type1/public/amsfonts/cm/cmcsc10.pfb></usr/local/texlive/2017/texmf-d
ist/fonts/type1/public/amsfonts/cm/cmex10.pfb></usr/local/texlive/2017/texmf-di
st/fonts/type1/public/amsfonts/cm/cmmi10.pfb></usr/local/texlive/2017/texmf-dis
t/fonts/type1/public/amsfonts/cm/cmmi12.pfb></usr/local/texlive/2017/texmf-dist
/fonts/type1/public/amsfonts/cm/cmmi5.pfb></usr/local/texlive/2017/texmf-dist/f
onts/type1/public/amsfonts/cm/cmmi6.pfb></usr/local/texlive/2017/texmf-dist/fon
ts/type1/public/amsfonts/cm/cmmi7.pfb></usr/local/texlive/2017/texmf-dist/fonts
/type1/public/amsfonts/cm/cmmi8.pfb></usr/local/texlive/2017/texmf-dist/fonts/t
ype1/public/amsfonts/cm/cmmi9.pfb></usr/local/texlive/2017/texmf-dist/fonts/typ
e1/public/amsfonts/cm/cmr10.pfb></usr/local/texlive/2017/texmf-dist/fonts/type1
/public/amsfonts/cm/cmr12.pfb></usr/local/texlive/2017/texmf-dist/fonts/type1/p
ublic/amsfonts/cm/cmr17.pfb></usr/local/texlive/2017/texmf-dist/fonts/type1/pub
lic/amsfonts/cm/cmr5.pfb></usr/local/texlive/2017/texmf-dist/fonts/type1/public
/amsfonts/cm/cmr6.pfb></usr/local/texlive/2017/texmf-dist/fonts/type1/public/am
sfonts/cm/cmr7.pfb></usr/local/texlive/2017/texmf-dist/fonts/type1/public/amsfo
nts/cm/cmr8.pfb></usr/local/texlive/2017/texmf-dist/fonts/type1/public/amsfonts
/cm/cmr9.pfb></usr/local/texlive/2017/texmf-dist/fonts/type1/public/amsfonts/cm
/cmsy10.pfb></usr/local/texlive/2017/texmf-dist/fonts/type1/public/amsfonts/cm/
cmsy5.pfb></usr/local/texlive/2017/texmf-dist/fonts/type1/public/amsfonts/cm/cm
sy6.pfb></usr/local/texlive/2017/texmf-dist/fonts/type1/public/amsfonts/cm/cmsy
7.pfb></usr/local/texlive/2017/texmf-dist/fonts/type1/public/amsfonts/cm/cmsy8.
pfb></usr/local/texlive/2017/texmf-dist/fonts/type1/public/amsfonts/cm/cmsy9.pf
b></usr/local/texlive/2017/texmf-dist/fonts/type1/public/amsfonts/cm/cmti10.pfb
></usr/local/texlive/2017/texmf-dist/fonts/type1/public/amsfonts/cm/cmti12.pfb>
</usr/local/texlive/2017/texmf-dist/fonts/type1/public/amsfonts/cm/cmti8.pfb></
usr/local/texlive/2017/texmf-dist/fonts/type1/public/amsfonts/cm/cmti9.pfb></us
r/local/texlive/2017/texmf-dist/fonts/type1/public/amsfonts/symbols/msam10.pfb>

Output written on rotation_paper13.pdf (27 pages, 1999716 bytes).
PDF statistics:
 1227 PDF objects out of 1440 (max. 8388607)
 1090 compressed objects within 11 object streams
 190 named destinations out of 1000 (max. 500000)
 27834 words of extra memory for PDF output out of 29859 (max. 10000000)

